{"/home/brian/Desktop/coding_ground/projects/inprogress/ecom/src/constants/config.ts": {"path":"/home/brian/Desktop/coding_ground/projects/inprogress/ecom/src/constants/config.ts","statementMap":{"0":{"start":{"line":1,"column":0},"end":{"line":1,"column":27}},"1":{"start":{"line":2,"column":13},"end":{"line":61,"column":2}}},"fnMap":{},"branchMap":{},"s":{"0":3,"1":3},"f":{},"b":{}}
,"/home/brian/Desktop/coding_ground/projects/inprogress/ecom/src/constants/tableNames.ts": {"path":"/home/brian/Desktop/coding_ground/projects/inprogress/ecom/src/constants/tableNames.ts","statementMap":{"0":{"start":{"line":1,"column":18},"end":{"line":16,"column":2}},"1":{"start":{"line":18,"column":0},"end":{"line":18,"column":25}}},"fnMap":{},"branchMap":{},"s":{"0":3,"1":3},"f":{},"b":{}}
,"/home/brian/Desktop/coding_ground/projects/inprogress/ecom/src/services/email_service/mailer.ts": {"path":"/home/brian/Desktop/coding_ground/projects/inprogress/ecom/src/services/email_service/mailer.ts","statementMap":{"0":{"start":{"line":1,"column":0},"end":{"line":1,"column":33}},"1":{"start":{"line":2,"column":0},"end":{"line":2,"column":30}},"2":{"start":{"line":3,"column":0},"end":{"line":3,"column":9}},"3":{"start":{"line":8,"column":0},"end":{"line":8,"column":13}},"4":{"start":{"line":9,"column":10},"end":{"line":9,"column":44}},"5":{"start":{"line":10,"column":10},"end":{"line":10,"column":47}},"6":{"start":{"line":13,"column":4},"end":{"line":15,"column":null}},"7":{"start":{"line":14,"column":6},"end":{"line":14,"column":42}},"8":{"start":{"line":16,"column":54},"end":{"line":19,"column":6}},"9":{"start":{"line":20,"column":4},"end":{"line":20,"column":43}},"10":{"start":{"line":22,"column":8},"end":{"line":26,"column":null}},"11":{"start":{"line":23,"column":16},"end":{"line":25,"column":null}},"12":{"start":{"line":23,"column":10},"end":{"line":25,"column":null}},"13":{"start":{"line":27,"column":0},"end":{"line":27,"column":null}},"14":{"start":{"line":8,"column":13},"end":{"line":8,"column":19}}},"fnMap":{"0":{"name":"(anonymous_14)","decl":{"start":{"line":8,"column":0},"end":{"line":8,"column":13}},"loc":{"start":{"line":8,"column":0},"end":{"line":27,"column":null}}},"1":{"name":"Mailer","decl":{"start":{"line":12,"column":2},"end":{"line":12,"column":null}},"loc":{"start":{"line":12,"column":2},"end":{"line":21,"column":3}}},"2":{"name":"(anonymous_16)","decl":{"start":{"line":22,"column":2},"end":{"line":22,"column":8}},"loc":{"start":{"line":22,"column":61},"end":{"line":26,"column":null}}}},"branchMap":{"0":{"loc":{"start":{"line":13,"column":4},"end":{"line":15,"column":null}},"type":"if","locations":[{"start":{"line":13,"column":4},"end":{"line":15,"column":null}},{"start":{"line":13,"column":4},"end":{"line":15,"column":null}}]},"1":{"loc":{"start":{"line":13,"column":10},"end":{"line":13,"column":22}},"type":"binary-expr","locations":[{"start":{"line":13,"column":10},"end":{"line":13,"column":22}},{"start":{"line":13,"column":26},"end":{"line":13,"column":38}}]},"2":{"loc":{"start":{"line":23,"column":16},"end":{"line":25,"column":null}},"type":"switch","locations":[{"start":{"line":23,"column":16},"end":{"line":25,"column":null}}]}},"s":{"0":1,"1":1,"2":1,"3":1,"4":1,"5":1,"6":1,"7":0,"8":1,"9":1,"10":1,"11":1,"12":1,"13":1,"14":1},"f":{"0":1,"1":1,"2":1},"b":{"0":[0,1],"1":[1,1],"2":[1]}}
,"/home/brian/Desktop/coding_ground/projects/inprogress/ecom/src/services/orders_service/repository/ordersRepository.ts": {"path":"/home/brian/Desktop/coding_ground/projects/inprogress/ecom/src/services/orders_service/repository/ordersRepository.ts","statementMap":{"0":{"start":{"line":1,"column":0},"end":{"line":1,"column":78}},"1":{"start":{"line":2,"column":0},"end":{"line":2,"column":41}},"2":{"start":{"line":3,"column":0},"end":{"line":3,"column":60}},"3":{"start":{"line":4,"column":0},"end":{"line":4,"column":53}},"4":{"start":{"line":16,"column":0},"end":{"line":16,"column":13}},"5":{"start":{"line":18,"column":21},"end":{"line":18,"column":59}},"6":{"start":{"line":19,"column":21},"end":{"line":19,"column":68}},"7":{"start":{"line":22,"column":8},"end":{"line":33,"column":null}},"8":{"start":{"line":25,"column":10},"end":{"line":31,"column":7}},"9":{"start":{"line":25,"column":46},"end":{"line":31,"column":6}},"10":{"start":{"line":26,"column":21},"end":{"line":29,"column":null}},"11":{"start":{"line":26,"column":12},"end":{"line":29,"column":null}},"12":{"start":{"line":30,"column":6},"end":{"line":30,"column":20}},"13":{"start":{"line":32,"column":4},"end":{"line":32,"column":45}},"14":{"start":{"line":34,"column":8},"end":{"line":39,"column":null}},"15":{"start":{"line":38,"column":4},"end":{"line":38,"column":80}},"16":{"start":{"line":40,"column":8},"end":{"line":43,"column":null}},"17":{"start":{"line":41,"column":17},"end":{"line":41,"column":null}},"18":{"start":{"line":41,"column":10},"end":{"line":41,"column":null}},"19":{"start":{"line":42,"column":4},"end":{"line":42,"column":21}},"20":{"start":{"line":44,"column":8},"end":{"line":114,"column":null}},"21":{"start":{"line":47,"column":12},"end":{"line":47,"column":38}},"22":{"start":{"line":48,"column":8},"end":{"line":48,"column":27}},"23":{"start":{"line":49,"column":8},"end":{"line":53,"column":13}},"24":{"start":{"line":54,"column":4},"end":{"line":61,"column":null}},"25":{"start":{"line":55,"column":12},"end":{"line":55,"column":38}},"26":{"start":{"line":56,"column":6},"end":{"line":60,"column":40}},"27":{"start":{"line":63,"column":20},"end":{"line":66,"column":null}},"28":{"start":{"line":63,"column":10},"end":{"line":66,"column":null}},"29":{"start":{"line":67,"column":23},"end":{"line":71,"column":null}},"30":{"start":{"line":67,"column":10},"end":{"line":71,"column":null}},"31":{"start":{"line":72,"column":4},"end":{"line":79,"column":null}},"32":{"start":{"line":73,"column":12},"end":{"line":73,"column":38}},"33":{"start":{"line":74,"column":6},"end":{"line":78,"column":8}},"34":{"start":{"line":81,"column":22},"end":{"line":81,"column":null}},"35":{"start":{"line":81,"column":10},"end":{"line":81,"column":null}},"36":{"start":{"line":82,"column":4},"end":{"line":82,"column":27}},"37":{"start":{"line":83,"column":10},"end":{"line":85,"column":7}},"38":{"start":{"line":84,"column":6},"end":{"line":84,"column":60}},"39":{"start":{"line":86,"column":24},"end":{"line":86,"column":null}},"40":{"start":{"line":86,"column":10},"end":{"line":86,"column":null}},"41":{"start":{"line":96,"column":4},"end":{"line":109,"column":null}},"42":{"start":{"line":97,"column":12},"end":{"line":97,"column":44}},"43":{"start":{"line":98,"column":12},"end":{"line":98,"column":45}},"44":{"start":{"line":99,"column":6},"end":{"line":107,"column":8}},"45":{"start":{"line":108,"column":6},"end":{"line":108,"column":37}},"46":{"start":{"line":110,"column":4},"end":{"line":113,"column":6}},"47":{"start":{"line":115,"column":8},"end":{"line":137,"column":null}},"48":{"start":{"line":118,"column":8},"end":{"line":126,"column":12}},"49":{"start":{"line":127,"column":24},"end":{"line":127,"column":null}},"50":{"start":{"line":127,"column":10},"end":{"line":127,"column":null}},"51":{"start":{"line":128,"column":19},"end":{"line":128,"column":null}},"52":{"start":{"line":128,"column":10},"end":{"line":128,"column":null}},"53":{"start":{"line":129,"column":13},"end":{"line":129,"column":20}},"54":{"start":{"line":129,"column":20},"end":{"line":129,"column":44}},"55":{"start":{"line":129,"column":42},"end":{"line":129,"column":44}},"56":{"start":{"line":130,"column":12},"end":{"line":130,"column":34}},"57":{"start":{"line":131,"column":19},"end":{"line":131,"column":null}},"58":{"start":{"line":131,"column":12},"end":{"line":131,"column":null}},"59":{"start":{"line":132,"column":6},"end":{"line":132,"column":42}},"60":{"start":{"line":129,"column":44},"end":{"line":129,"column":null}},"61":{"start":{"line":136,"column":4},"end":{"line":136,"column":48}},"62":{"start":{"line":139,"column":16},"end":{"line":149,"column":null}},"63":{"start":{"line":140,"column":10},"end":{"line":143,"column":7}},"64":{"start":{"line":140,"column":60},"end":{"line":143,"column":6}},"65":{"start":{"line":141,"column":20},"end":{"line":141,"column":null}},"66":{"start":{"line":141,"column":12},"end":{"line":141,"column":null}},"67":{"start":{"line":142,"column":6},"end":{"line":142,"column":19}},"68":{"start":{"line":144,"column":19},"end":{"line":144,"column":null}},"69":{"start":{"line":144,"column":10},"end":{"line":144,"column":null}},"70":{"start":{"line":145,"column":8},"end":{"line":147,"column":7}},"71":{"start":{"line":146,"column":6},"end":{"line":146,"column":41}},"72":{"start":{"line":148,"column":4},"end":{"line":148,"column":24}},"73":{"start":{"line":151,"column":16},"end":{"line":182,"column":null}},"74":{"start":{"line":156,"column":21},"end":{"line":156,"column":null}},"75":{"start":{"line":156,"column":10},"end":{"line":156,"column":null}},"76":{"start":{"line":157,"column":8},"end":{"line":165,"column":12}},"77":{"start":{"line":167,"column":4},"end":{"line":179,"column":null}},"78":{"start":{"line":168,"column":12},"end":{"line":168,"column":42}},"79":{"start":{"line":170,"column":6},"end":{"line":178,"column":8}},"80":{"start":{"line":181,"column":4},"end":{"line":181,"column":24}},"81":{"start":{"line":184,"column":16},"end":{"line":199,"column":null}},"82":{"start":{"line":185,"column":8},"end":{"line":185,"column":48}},"83":{"start":{"line":186,"column":18},"end":{"line":188,"column":null}},"84":{"start":{"line":186,"column":10},"end":{"line":188,"column":null}},"85":{"start":{"line":189,"column":13},"end":{"line":189,"column":20}},"86":{"start":{"line":189,"column":20},"end":{"line":189,"column":38}},"87":{"start":{"line":189,"column":36},"end":{"line":189,"column":38}},"88":{"start":{"line":190,"column":12},"end":{"line":190,"column":28}},"89":{"start":{"line":191,"column":29},"end":{"line":191,"column":null}},"90":{"start":{"line":191,"column":12},"end":{"line":191,"column":null}},"91":{"start":{"line":195,"column":6},"end":{"line":195,"column":56}},"92":{"start":{"line":195,"column":47},"end":{"line":195,"column":56}},"93":{"start":{"line":196,"column":6},"end":{"line":196,"column":53}},"94":{"start":{"line":189,"column":38},"end":{"line":189,"column":null}},"95":{"start":{"line":198,"column":4},"end":{"line":198,"column":23}},"96":{"start":{"line":201,"column":10},"end":{"line":212,"column":null}},"97":{"start":{"line":202,"column":50},"end":{"line":202,"column":52}},"98":{"start":{"line":203,"column":4},"end":{"line":210,"column":null}},"99":{"start":{"line":203,"column":17},"end":{"line":203,"column":18}},"100":{"start":{"line":205,"column":20},"end":{"line":205,"column":29}},"101":{"start":{"line":206,"column":6},"end":{"line":209,"column":8}},"102":{"start":{"line":211,"column":4},"end":{"line":211,"column":23}},"103":{"start":{"line":213,"column":0},"end":{"line":213,"column":null}},"104":{"start":{"line":16,"column":13},"end":{"line":16,"column":29}}},"fnMap":{"0":{"name":"(anonymous_15)","decl":{"start":{"line":16,"column":0},"end":{"line":16,"column":13}},"loc":{"start":{"line":16,"column":0},"end":{"line":213,"column":null}}},"1":{"name":"OrdersRepository","decl":{"start":{"line":17,"column":2},"end":{"line":17,"column":null}},"loc":{"start":{"line":19,"column":68},"end":{"line":20,"column":6}}},"2":{"name":"(anonymous_17)","decl":{"start":{"line":22,"column":2},"end":{"line":22,"column":8}},"loc":{"start":{"line":23,"column":49},"end":{"line":33,"column":null}}},"3":{"name":"(anonymous_20)","decl":{"start":{"line":25,"column":32},"end":{"line":25,"column":39}},"loc":{"start":{"line":25,"column":46},"end":{"line":31,"column":6}}},"4":{"name":"(anonymous_21)","decl":{"start":{"line":25,"column":46},"end":{"line":25,"column":null}},"loc":{"start":{"line":25,"column":46},"end":{"line":31,"column":6}}},"5":{"name":"(anonymous_23)","decl":{"start":{"line":34,"column":2},"end":{"line":34,"column":8}},"loc":{"start":{"line":35,"column":35},"end":{"line":39,"column":null}}},"6":{"name":"(anonymous_26)","decl":{"start":{"line":40,"column":2},"end":{"line":40,"column":8}},"loc":{"start":{"line":40,"column":30},"end":{"line":43,"column":null}}},"7":{"name":"(anonymous_29)","decl":{"start":{"line":44,"column":2},"end":{"line":44,"column":8}},"loc":{"start":{"line":45,"column":35},"end":{"line":114,"column":null}}},"8":{"name":"(anonymous_32)","decl":{"start":{"line":83,"column":45},"end":{"line":83,"column":46}},"loc":{"start":{"line":83,"column":50},"end":{"line":85,"column":5}}},"9":{"name":"(anonymous_33)","decl":{"start":{"line":115,"column":2},"end":{"line":115,"column":8}},"loc":{"start":{"line":115,"column":39},"end":{"line":137,"column":null}}},"10":{"name":"(anonymous_36)","decl":{"start":{"line":139,"column":2},"end":{"line":139,"column":16}},"loc":{"start":{"line":139,"column":59},"end":{"line":149,"column":null}}},"11":{"name":"(anonymous_39)","decl":{"start":{"line":140,"column":39},"end":{"line":140,"column":46}},"loc":{"start":{"line":140,"column":60},"end":{"line":143,"column":6}}},"12":{"name":"(anonymous_40)","decl":{"start":{"line":140,"column":60},"end":{"line":140,"column":null}},"loc":{"start":{"line":140,"column":60},"end":{"line":143,"column":6}}},"13":{"name":"(anonymous_42)","decl":{"start":{"line":145,"column":37},"end":{"line":145,"column":38}},"loc":{"start":{"line":145,"column":46},"end":{"line":147,"column":5}}},"14":{"name":"(anonymous_43)","decl":{"start":{"line":151,"column":2},"end":{"line":151,"column":16}},"loc":{"start":{"line":153,"column":31},"end":{"line":182,"column":null}}},"15":{"name":"(anonymous_46)","decl":{"start":{"line":184,"column":2},"end":{"line":184,"column":16}},"loc":{"start":{"line":184,"column":56},"end":{"line":199,"column":null}}},"16":{"name":"(anonymous_49)","decl":{"start":{"line":201,"column":2},"end":{"line":201,"column":10}},"loc":{"start":{"line":201,"column":58},"end":{"line":212,"column":3}}}},"branchMap":{"0":{"loc":{"start":{"line":26,"column":21},"end":{"line":29,"column":null}},"type":"switch","locations":[{"start":{"line":26,"column":21},"end":{"line":29,"column":null}}]},"1":{"loc":{"start":{"line":38,"column":11},"end":{"line":38,"column":16}},"type":"binary-expr","locations":[{"start":{"line":38,"column":11},"end":{"line":38,"column":16}},{"start":{"line":38,"column":20},"end":{"line":38,"column":79}}]},"2":{"loc":{"start":{"line":41,"column":17},"end":{"line":41,"column":null}},"type":"switch","locations":[{"start":{"line":41,"column":17},"end":{"line":41,"column":null}}]},"3":{"loc":{"start":{"line":129,"column":20},"end":{"line":129,"column":44}},"type":"if","locations":[{"start":{"line":129,"column":20},"end":{"line":129,"column":44}},{"start":{"line":129,"column":20},"end":{"line":129,"column":44}}]},"4":{"loc":{"start":{"line":141,"column":20},"end":{"line":141,"column":null}},"type":"switch","locations":[{"start":{"line":141,"column":20},"end":{"line":141,"column":null}}]},"5":{"loc":{"start":{"line":156,"column":21},"end":{"line":156,"column":null}},"type":"switch","locations":[{"start":{"line":156,"column":21},"end":{"line":156,"column":null}}]},"6":{"loc":{"start":{"line":198,"column":4},"end":{"line":198,"column":23}},"type":"switch","locations":[{"start":{"line":198,"column":4},"end":{"line":198,"column":23}}]},"7":{"loc":{"start":{"line":189,"column":20},"end":{"line":189,"column":38}},"type":"if","locations":[{"start":{"line":189,"column":20},"end":{"line":189,"column":38}},{"start":{"line":189,"column":20},"end":{"line":189,"column":38}}]},"8":{"loc":{"start":{"line":195,"column":6},"end":{"line":195,"column":56}},"type":"if","locations":[{"start":{"line":195,"column":6},"end":{"line":195,"column":56}},{"start":{"line":195,"column":6},"end":{"line":195,"column":56}}]}},"s":{"0":1,"1":1,"2":1,"3":1,"4":1,"5":1,"6":1,"7":1,"8":1,"9":1,"10":1,"11":1,"12":1,"13":1,"14":1,"15":1,"16":1,"17":1,"18":1,"19":1,"20":1,"21":1,"22":1,"23":1,"24":1,"25":2,"26":2,"27":1,"28":1,"29":1,"30":1,"31":1,"32":2,"33":2,"34":1,"35":1,"36":1,"37":1,"38":2,"39":1,"40":1,"41":1,"42":2,"43":2,"44":2,"45":2,"46":1,"47":1,"48":1,"49":1,"50":1,"51":1,"52":1,"53":1,"54":4,"55":1,"56":3,"57":3,"58":3,"59":3,"60":3,"61":1,"62":1,"63":1,"64":3,"65":3,"66":3,"67":3,"68":1,"69":1,"70":1,"71":3,"72":1,"73":1,"74":3,"75":3,"76":3,"77":3,"78":3,"79":3,"80":3,"81":1,"82":4,"83":4,"84":4,"85":4,"86":10,"87":4,"88":6,"89":6,"90":6,"91":6,"92":0,"93":6,"94":6,"95":4,"96":1,"97":1,"98":1,"99":1,"100":3,"101":3,"102":1,"103":1,"104":1},"f":{"0":1,"1":1,"2":1,"3":1,"4":1,"5":1,"6":1,"7":1,"8":2,"9":1,"10":1,"11":3,"12":3,"13":3,"14":3,"15":4,"16":1},"b":{"0":[1],"1":[1,1],"2":[1],"3":[1,3],"4":[3],"5":[3],"6":[4],"7":[4,6],"8":[0,6]}}
,"/home/brian/Desktop/coding_ground/projects/inprogress/ecom/src/services/orders_service/usecase/create_order.ts": {"path":"/home/brian/Desktop/coding_ground/projects/inprogress/ecom/src/services/orders_service/usecase/create_order.ts","statementMap":{"0":{"start":{"line":2,"column":0},"end":{"line":2,"column":13}},"1":{"start":{"line":3,"column":31},"end":{"line":3,"column":73}},"2":{"start":{"line":5,"column":8},"end":{"line":27,"column":null}},"3":{"start":{"line":6,"column":32},"end":{"line":8,"column":null}},"4":{"start":{"line":6,"column":10},"end":{"line":8,"column":null}},"5":{"start":{"line":9,"column":8},"end":{"line":9,"column":27}},"6":{"start":{"line":10,"column":12},"end":{"line":10,"column":44}},"7":{"start":{"line":11,"column":10},"end":{"line":13,"column":8}},"8":{"start":{"line":14,"column":6},"end":{"line":14,"column":54}},"9":{"start":{"line":16,"column":34},"end":{"line":19,"column":null}},"10":{"start":{"line":16,"column":12},"end":{"line":16,"column":34}},"11":{"start":{"line":21,"column":12},"end":{"line":24,"column":8}},"12":{"start":{"line":25,"column":6},"end":{"line":25,"column":21}},"13":{"start":{"line":29,"column":10},"end":{"line":50,"column":null}},"14":{"start":{"line":40,"column":61},"end":{"line":40,"column":63}},"15":{"start":{"line":42,"column":18},"end":{"line":42,"column":35}},"16":{"start":{"line":43,"column":4},"end":{"line":48,"column":null}},"17":{"start":{"line":43,"column":25},"end":{"line":43,"column":26}},"18":{"start":{"line":44,"column":18},"end":{"line":44,"column":53}},"19":{"start":{"line":45,"column":24},"end":{"line":45,"column":49}},"20":{"start":{"line":46,"column":18},"end":{"line":46,"column":36}},"21":{"start":{"line":47,"column":6},"end":{"line":47,"column":26}},"22":{"start":{"line":49,"column":4},"end":{"line":49,"column":19}},"23":{"start":{"line":51,"column":0},"end":{"line":51,"column":null}},"24":{"start":{"line":2,"column":13},"end":{"line":2,"column":31}}},"fnMap":{"0":{"name":"(anonymous_15)","decl":{"start":{"line":2,"column":0},"end":{"line":2,"column":13}},"loc":{"start":{"line":2,"column":0},"end":{"line":51,"column":null}}},"1":{"name":"CreateOrderUsecase","decl":{"start":{"line":3,"column":2},"end":{"line":3,"column":31}},"loc":{"start":{"line":3,"column":73},"end":{"line":3,"column":77}}},"2":{"name":"(anonymous_17)","decl":{"start":{"line":5,"column":2},"end":{"line":5,"column":8}},"loc":{"start":{"line":5,"column":45},"end":{"line":27,"column":null}}},"3":{"name":"(anonymous_20)","decl":{"start":{"line":29,"column":2},"end":{"line":29,"column":10}},"loc":{"start":{"line":38,"column":7},"end":{"line":50,"column":3}}}},"branchMap":{"0":{"loc":{"start":{"line":6,"column":32},"end":{"line":8,"column":null}},"type":"switch","locations":[{"start":{"line":6,"column":32},"end":{"line":8,"column":null}}]},"1":{"loc":{"start":{"line":9,"column":8},"end":{"line":9,"column":27}},"type":"if","locations":[{"start":{"line":9,"column":8},"end":{"line":9,"column":27}},{"start":{"line":9,"column":8},"end":{"line":9,"column":27}}]}},"s":{"0":1,"1":1,"2":1,"3":4,"4":4,"5":5,"6":3,"7":3,"8":6,"9":3,"10":3,"11":3,"12":3,"13":1,"14":3,"15":3,"16":3,"17":3,"18":6,"19":6,"20":6,"21":6,"22":3,"23":1,"24":1},"f":{"0":1,"1":1,"2":4,"3":3},"b":{"0":[4],"1":[1,3]}}
,"/home/brian/Desktop/coding_ground/projects/inprogress/ecom/src/services/orders_service/usecase/fetch_orders.ts": {"path":"/home/brian/Desktop/coding_ground/projects/inprogress/ecom/src/services/orders_service/usecase/fetch_orders.ts","statementMap":{"0":{"start":{"line":1,"column":0},"end":{"line":1,"column":13}},"1":{"start":{"line":2,"column":31},"end":{"line":2,"column":73}},"2":{"start":{"line":3,"column":8},"end":{"line":6,"column":null}},"3":{"start":{"line":4,"column":19},"end":{"line":4,"column":null}},"4":{"start":{"line":4,"column":10},"end":{"line":4,"column":null}},"5":{"start":{"line":5,"column":4},"end":{"line":5,"column":18}},"6":{"start":{"line":7,"column":0},"end":{"line":7,"column":null}},"7":{"start":{"line":1,"column":13},"end":{"line":1,"column":31}}},"fnMap":{"0":{"name":"(anonymous_13)","decl":{"start":{"line":1,"column":0},"end":{"line":1,"column":13}},"loc":{"start":{"line":1,"column":0},"end":{"line":7,"column":null}}},"1":{"name":"FetchOrdersUsecase","decl":{"start":{"line":2,"column":2},"end":{"line":2,"column":31}},"loc":{"start":{"line":2,"column":73},"end":{"line":2,"column":77}}},"2":{"name":"(anonymous_15)","decl":{"start":{"line":3,"column":2},"end":{"line":3,"column":8}},"loc":{"start":{"line":3,"column":35},"end":{"line":6,"column":null}}}},"branchMap":{"0":{"loc":{"start":{"line":4,"column":19},"end":{"line":4,"column":null}},"type":"switch","locations":[{"start":{"line":4,"column":19},"end":{"line":4,"column":null}}]}},"s":{"0":1,"1":1,"2":1,"3":1,"4":1,"5":1,"6":1,"7":1},"f":{"0":1,"1":1,"2":1},"b":{"0":[1]}}
,"/home/brian/Desktop/coding_ground/projects/inprogress/ecom/src/services/products_service/Repository/productsRepository.ts": {"path":"/home/brian/Desktop/coding_ground/projects/inprogress/ecom/src/services/products_service/Repository/productsRepository.ts","statementMap":{"0":{"start":{"line":1,"column":0},"end":{"line":1,"column":54}},"1":{"start":{"line":2,"column":0},"end":{"line":2,"column":46}},"2":{"start":{"line":3,"column":0},"end":{"line":3,"column":60}},"3":{"start":{"line":5,"column":0},"end":{"line":5,"column":13}},"4":{"start":{"line":6,"column":8},"end":{"line":31,"column":null}},"5":{"start":{"line":11,"column":11},"end":{"line":11,"column":null}},"6":{"start":{"line":11,"column":19},"end":{"line":11,"column":null}},"7":{"start":{"line":12,"column":16},"end":{"line":12,"column":59}},"8":{"start":{"line":12,"column":6},"end":{"line":12,"column":59}},"9":{"start":{"line":15,"column":8},"end":{"line":15,"column":15}},"10":{"start":{"line":17,"column":12},"end":{"line":17,"column":63}},"11":{"start":{"line":18,"column":21},"end":{"line":20,"column":null}},"12":{"start":{"line":18,"column":12},"end":{"line":20,"column":null}},"13":{"start":{"line":22,"column":6},"end":{"line":29,"column":8}},"14":{"start":{"line":32,"column":8},"end":{"line":60,"column":null}},"15":{"start":{"line":35,"column":20},"end":{"line":39,"column":null}},"16":{"start":{"line":35,"column":10},"end":{"line":39,"column":null}},"17":{"start":{"line":41,"column":4},"end":{"line":59,"column":6}},"18":{"start":{"line":61,"column":8},"end":{"line":77,"column":null}},"19":{"start":{"line":62,"column":21},"end":{"line":64,"column":null}},"20":{"start":{"line":62,"column":10},"end":{"line":64,"column":null}},"21":{"start":{"line":65,"column":10},"end":{"line":75,"column":7}},"22":{"start":{"line":66,"column":6},"end":{"line":74,"column":8}},"23":{"start":{"line":76,"column":4},"end":{"line":76,"column":18}},"24":{"start":{"line":78,"column":8},"end":{"line":98,"column":null}},"25":{"start":{"line":81,"column":32},"end":{"line":85,"column":null}},"26":{"start":{"line":81,"column":10},"end":{"line":85,"column":null}},"27":{"start":{"line":86,"column":10},"end":{"line":96,"column":7}},"28":{"start":{"line":87,"column":6},"end":{"line":95,"column":8}},"29":{"start":{"line":97,"column":4},"end":{"line":97,"column":18}},"30":{"start":{"line":99,"column":8},"end":{"line":159,"column":null}},"31":{"start":{"line":103,"column":6},"end":{"line":109,"column":null}},"32":{"start":{"line":114,"column":20},"end":{"line":127,"column":null}},"33":{"start":{"line":114,"column":10},"end":{"line":127,"column":null}},"34":{"start":{"line":129,"column":10},"end":{"line":138,"column":null}},"35":{"start":{"line":140,"column":4},"end":{"line":158,"column":6}},"36":{"start":{"line":160,"column":8},"end":{"line":183,"column":null}},"37":{"start":{"line":164,"column":10},"end":{"line":164,"column":42}},"38":{"start":{"line":165,"column":19},"end":{"line":172,"column":null}},"39":{"start":{"line":165,"column":10},"end":{"line":172,"column":null}},"40":{"start":{"line":174,"column":4},"end":{"line":182,"column":6}},"41":{"start":{"line":184,"column":8},"end":{"line":213,"column":null}},"42":{"start":{"line":190,"column":27},"end":{"line":194,"column":null}},"43":{"start":{"line":190,"column":10},"end":{"line":194,"column":null}},"44":{"start":{"line":195,"column":10},"end":{"line":195,"column":54}},"45":{"start":{"line":196,"column":4},"end":{"line":196,"column":null}},"46":{"start":{"line":197,"column":6},"end":{"line":197,"column":null}},"47":{"start":{"line":198,"column":6},"end":{"line":198,"column":null}},"48":{"start":{"line":196,"column":4},"end":{"line":199,"column":7}},"49":{"start":{"line":201,"column":4},"end":{"line":212,"column":6}},"50":{"start":{"line":214,"column":0},"end":{"line":214,"column":null}},"51":{"start":{"line":5,"column":13},"end":{"line":5,"column":31}}},"fnMap":{"0":{"name":"(anonymous_16)","decl":{"start":{"line":5,"column":0},"end":{"line":5,"column":13}},"loc":{"start":{"line":5,"column":0},"end":{"line":214,"column":null}}},"1":{"name":"(anonymous_18)","decl":{"start":{"line":6,"column":2},"end":{"line":6,"column":8}},"loc":{"start":{"line":9,"column":3},"end":{"line":31,"column":null}}},"2":{"name":"(anonymous_21)","decl":{"start":{"line":32,"column":2},"end":{"line":32,"column":8}},"loc":{"start":{"line":33,"column":23},"end":{"line":60,"column":null}}},"3":{"name":"(anonymous_24)","decl":{"start":{"line":61,"column":2},"end":{"line":61,"column":8}},"loc":{"start":{"line":61,"column":2},"end":{"line":77,"column":null}}},"4":{"name":"(anonymous_27)","decl":{"start":{"line":65,"column":32},"end":{"line":65,"column":33}},"loc":{"start":{"line":65,"column":40},"end":{"line":75,"column":5}}},"5":{"name":"(anonymous_28)","decl":{"start":{"line":78,"column":2},"end":{"line":78,"column":8}},"loc":{"start":{"line":79,"column":25},"end":{"line":98,"column":null}}},"6":{"name":"(anonymous_31)","decl":{"start":{"line":86,"column":43},"end":{"line":86,"column":44}},"loc":{"start":{"line":86,"column":51},"end":{"line":96,"column":5}}},"7":{"name":"(anonymous_32)","decl":{"start":{"line":99,"column":2},"end":{"line":99,"column":8}},"loc":{"start":{"line":100,"column":47},"end":{"line":159,"column":null}}},"8":{"name":"(anonymous_35)","decl":{"start":{"line":160,"column":2},"end":{"line":160,"column":8}},"loc":{"start":{"line":163,"column":3},"end":{"line":183,"column":null}}},"9":{"name":"(anonymous_38)","decl":{"start":{"line":184,"column":2},"end":{"line":184,"column":8}},"loc":{"start":{"line":185,"column":21},"end":{"line":213,"column":null}}}},"branchMap":{"0":{"loc":{"start":{"line":11,"column":11},"end":{"line":11,"column":null}},"type":"if","locations":[{"start":{"line":11,"column":11},"end":{"line":11,"column":null}},{"start":{"line":11,"column":11},"end":{"line":11,"column":null}}]},"1":{"loc":{"start":{"line":15,"column":8},"end":{"line":15,"column":15}},"type":"if","locations":[{"start":{"line":15,"column":8},"end":{"line":15,"column":15}},{"start":{"line":15,"column":8},"end":{"line":15,"column":15}}]},"2":{"loc":{"start":{"line":35,"column":20},"end":{"line":39,"column":null}},"type":"switch","locations":[{"start":{"line":35,"column":20},"end":{"line":39,"column":null}}]},"3":{"loc":{"start":{"line":62,"column":21},"end":{"line":64,"column":null}},"type":"switch","locations":[{"start":{"line":62,"column":21},"end":{"line":64,"column":null}}]},"4":{"loc":{"start":{"line":81,"column":32},"end":{"line":85,"column":null}},"type":"switch","locations":[{"start":{"line":81,"column":32},"end":{"line":85,"column":null}}]},"5":{"loc":{"start":{"line":190,"column":27},"end":{"line":194,"column":null}},"type":"switch","locations":[{"start":{"line":190,"column":27},"end":{"line":194,"column":null}}]},"6":{"loc":{"start":{"line":211,"column":32},"end":{"line":211,"column":36}},"type":"cond-expr","locations":[{"start":{"line":211,"column":32},"end":{"line":211,"column":36}},{"start":{"line":211,"column":39},"end":{"line":211,"column":44}}]}},"s":{"0":2,"1":2,"2":2,"3":2,"4":2,"5":4,"6":2,"7":2,"8":2,"9":2,"10":2,"11":2,"12":2,"13":2,"14":2,"15":3,"16":3,"17":3,"18":2,"19":1,"20":1,"21":1,"22":3,"23":1,"24":2,"25":1,"26":1,"27":1,"28":3,"29":1,"30":2,"31":1,"32":1,"33":1,"34":1,"35":1,"36":2,"37":1,"38":1,"39":1,"40":1,"41":2,"42":1,"43":1,"44":1,"45":1,"46":1,"47":1,"48":1,"49":1,"50":2,"51":2},"f":{"0":4,"1":2,"2":3,"3":1,"4":3,"5":1,"6":3,"7":1,"8":1,"9":1},"b":{"0":[2,2],"1":[0,2],"2":[3],"3":[1],"4":[1],"5":[1],"6":[1,0]}}
,"/home/brian/Desktop/coding_ground/projects/inprogress/ecom/src/services/products_service/usecases/add_product.ts": {"path":"/home/brian/Desktop/coding_ground/projects/inprogress/ecom/src/services/products_service/usecases/add_product.ts","statementMap":{"0":{"start":{"line":2,"column":0},"end":{"line":2,"column":13}},"1":{"start":{"line":3,"column":31},"end":{"line":3,"column":76}},"2":{"start":{"line":4,"column":8},"end":{"line":17,"column":null}},"3":{"start":{"line":5,"column":28},"end":{"line":5,"column":null}},"4":{"start":{"line":5,"column":10},"end":{"line":5,"column":null}},"5":{"start":{"line":7,"column":8},"end":{"line":7,"column":9}},"6":{"start":{"line":8,"column":15},"end":{"line":8,"column":57}},"7":{"start":{"line":8,"column":6},"end":{"line":8,"column":57}},"8":{"start":{"line":9,"column":6},"end":{"line":9,"column":20}},"9":{"start":{"line":11,"column":12},"end":{"line":11,"column":25}},"10":{"start":{"line":12,"column":13},"end":{"line":15,"column":7}},"11":{"start":{"line":12,"column":4},"end":{"line":15,"column":7}},"12":{"start":{"line":16,"column":4},"end":{"line":16,"column":18}},"13":{"start":{"line":18,"column":0},"end":{"line":18,"column":null}},"14":{"start":{"line":2,"column":13},"end":{"line":2,"column":30}}},"fnMap":{"0":{"name":"(anonymous_15)","decl":{"start":{"line":2,"column":0},"end":{"line":2,"column":13}},"loc":{"start":{"line":2,"column":0},"end":{"line":18,"column":null}}},"1":{"name":"AddProductUsecase","decl":{"start":{"line":3,"column":2},"end":{"line":3,"column":31}},"loc":{"start":{"line":3,"column":76},"end":{"line":3,"column":80}}},"2":{"name":"(anonymous_17)","decl":{"start":{"line":4,"column":2},"end":{"line":4,"column":8}},"loc":{"start":{"line":4,"column":51},"end":{"line":17,"column":null}}}},"branchMap":{"0":{"loc":{"start":{"line":5,"column":28},"end":{"line":5,"column":null}},"type":"switch","locations":[{"start":{"line":5,"column":28},"end":{"line":5,"column":null}}]},"1":{"loc":{"start":{"line":7,"column":8},"end":{"line":7,"column":9}},"type":"if","locations":[{"start":{"line":7,"column":8},"end":{"line":7,"column":9}},{"start":{"line":7,"column":8},"end":{"line":7,"column":9}}]}},"s":{"0":1,"1":1,"2":1,"3":2,"4":2,"5":3,"6":1,"7":1,"8":1,"9":1,"10":1,"11":1,"12":1,"13":1,"14":1},"f":{"0":1,"1":1,"2":2},"b":{"0":[2],"1":[1,1]}}
,"/home/brian/Desktop/coding_ground/projects/inprogress/ecom/src/services/products_service/usecases/delete_product_usecase.ts": {"path":"/home/brian/Desktop/coding_ground/projects/inprogress/ecom/src/services/products_service/usecases/delete_product_usecase.ts","statementMap":{"0":{"start":{"line":1,"column":0},"end":{"line":1,"column":13}},"1":{"start":{"line":3,"column":21},"end":{"line":3,"column":67}},"2":{"start":{"line":6,"column":8},"end":{"line":14,"column":null}},"3":{"start":{"line":12,"column":27},"end":{"line":12,"column":null}},"4":{"start":{"line":12,"column":10},"end":{"line":12,"column":null}},"5":{"start":{"line":13,"column":4},"end":{"line":13,"column":26}},"6":{"start":{"line":15,"column":0},"end":{"line":15,"column":null}},"7":{"start":{"line":1,"column":13},"end":{"line":1,"column":30}}},"fnMap":{"0":{"name":"(anonymous_13)","decl":{"start":{"line":1,"column":0},"end":{"line":1,"column":13}},"loc":{"start":{"line":1,"column":0},"end":{"line":15,"column":null}}},"1":{"name":"DeleteProductInfo","decl":{"start":{"line":2,"column":2},"end":{"line":2,"column":null}},"loc":{"start":{"line":3,"column":67},"end":{"line":4,"column":6}}},"2":{"name":"(anonymous_15)","decl":{"start":{"line":6,"column":2},"end":{"line":6,"column":8}},"loc":{"start":{"line":7,"column":21},"end":{"line":14,"column":null}}}},"branchMap":{"0":{"loc":{"start":{"line":12,"column":27},"end":{"line":12,"column":null}},"type":"switch","locations":[{"start":{"line":12,"column":27},"end":{"line":12,"column":null}}]}},"s":{"0":1,"1":1,"2":1,"3":1,"4":1,"5":1,"6":1,"7":1},"f":{"0":1,"1":1,"2":1},"b":{"0":[1]}}
,"/home/brian/Desktop/coding_ground/projects/inprogress/ecom/src/services/products_service/usecases/fetch_product_usecase.ts": {"path":"/home/brian/Desktop/coding_ground/projects/inprogress/ecom/src/services/products_service/usecases/fetch_product_usecase.ts","statementMap":{"0":{"start":{"line":2,"column":0},"end":{"line":2,"column":13}},"1":{"start":{"line":3,"column":31},"end":{"line":3,"column":77}},"2":{"start":{"line":5,"column":8},"end":{"line":22,"column":null}},"3":{"start":{"line":9,"column":12},"end":{"line":9,"column":26}},"4":{"start":{"line":12,"column":4},"end":{"line":14,"column":null}},"5":{"start":{"line":13,"column":6},"end":{"line":13,"column":54}},"6":{"start":{"line":16,"column":8},"end":{"line":16,"column":11}},"7":{"start":{"line":17,"column":16},"end":{"line":17,"column":55}},"8":{"start":{"line":17,"column":6},"end":{"line":17,"column":55}},"9":{"start":{"line":18,"column":6},"end":{"line":18,"column":21}},"10":{"start":{"line":20,"column":14},"end":{"line":20,"column":54}},"11":{"start":{"line":20,"column":4},"end":{"line":20,"column":54}},"12":{"start":{"line":21,"column":4},"end":{"line":21,"column":19}},"13":{"start":{"line":24,"column":8},"end":{"line":27,"column":null}},"14":{"start":{"line":25,"column":21},"end":{"line":25,"column":null}},"15":{"start":{"line":25,"column":10},"end":{"line":25,"column":null}},"16":{"start":{"line":26,"column":4},"end":{"line":26,"column":20}},"17":{"start":{"line":29,"column":8},"end":{"line":34,"column":null}},"18":{"start":{"line":30,"column":29},"end":{"line":32,"column":null}},"19":{"start":{"line":30,"column":10},"end":{"line":32,"column":null}},"20":{"start":{"line":33,"column":4},"end":{"line":33,"column":28}},"21":{"start":{"line":35,"column":0},"end":{"line":35,"column":null}},"22":{"start":{"line":2,"column":13},"end":{"line":2,"column":32}}},"fnMap":{"0":{"name":"(anonymous_13)","decl":{"start":{"line":2,"column":0},"end":{"line":2,"column":13}},"loc":{"start":{"line":2,"column":0},"end":{"line":35,"column":null}}},"1":{"name":"FetchProductUsecase","decl":{"start":{"line":3,"column":2},"end":{"line":3,"column":31}},"loc":{"start":{"line":3,"column":77},"end":{"line":3,"column":81}}},"2":{"name":"(anonymous_15)","decl":{"start":{"line":5,"column":2},"end":{"line":5,"column":8}},"loc":{"start":{"line":8,"column":3},"end":{"line":22,"column":null}}},"3":{"name":"(anonymous_18)","decl":{"start":{"line":24,"column":2},"end":{"line":24,"column":8}},"loc":{"start":{"line":24,"column":2},"end":{"line":27,"column":null}}},"4":{"name":"(anonymous_21)","decl":{"start":{"line":29,"column":2},"end":{"line":29,"column":8}},"loc":{"start":{"line":29,"column":49},"end":{"line":34,"column":null}}}},"branchMap":{"0":{"loc":{"start":{"line":20,"column":14},"end":{"line":20,"column":54}},"type":"switch","locations":[{"start":{"line":20,"column":14},"end":{"line":20,"column":54}}]},"1":{"loc":{"start":{"line":12,"column":4},"end":{"line":14,"column":null}},"type":"if","locations":[{"start":{"line":12,"column":4},"end":{"line":14,"column":null}},{"start":{"line":12,"column":4},"end":{"line":14,"column":null}}]},"2":{"loc":{"start":{"line":12,"column":8},"end":{"line":12,"column":25}},"type":"binary-expr","locations":[{"start":{"line":12,"column":8},"end":{"line":12,"column":25}},{"start":{"line":12,"column":29},"end":{"line":12,"column":47}}]},"3":{"loc":{"start":{"line":16,"column":8},"end":{"line":16,"column":11}},"type":"if","locations":[{"start":{"line":16,"column":8},"end":{"line":16,"column":11}},{"start":{"line":16,"column":8},"end":{"line":16,"column":11}}]},"4":{"loc":{"start":{"line":25,"column":21},"end":{"line":25,"column":null}},"type":"switch","locations":[{"start":{"line":25,"column":21},"end":{"line":25,"column":null}}]},"5":{"loc":{"start":{"line":30,"column":29},"end":{"line":32,"column":null}},"type":"switch","locations":[{"start":{"line":30,"column":29},"end":{"line":32,"column":null}}]}},"s":{"0":1,"1":1,"2":1,"3":3,"4":3,"5":1,"6":3,"7":1,"8":1,"9":1,"10":1,"11":1,"12":1,"13":1,"14":1,"15":1,"16":1,"17":1,"18":1,"19":1,"20":1,"21":1,"22":1},"f":{"0":1,"1":1,"2":3,"3":1,"4":1},"b":{"0":[1],"1":[1,2],"2":[3,2],"3":[1,1],"4":[1],"5":[1]}}
,"/home/brian/Desktop/coding_ground/projects/inprogress/ecom/src/services/products_service/usecases/update_product_info.ts": {"path":"/home/brian/Desktop/coding_ground/projects/inprogress/ecom/src/services/products_service/usecases/update_product_info.ts","statementMap":{"0":{"start":{"line":2,"column":0},"end":{"line":2,"column":13}},"1":{"start":{"line":3,"column":31},"end":{"line":3,"column":77}},"2":{"start":{"line":5,"column":8},"end":{"line":17,"column":null}},"3":{"start":{"line":9,"column":12},"end":{"line":9,"column":35}},"4":{"start":{"line":11,"column":27},"end":{"line":14,"column":null}},"5":{"start":{"line":11,"column":10},"end":{"line":14,"column":null}},"6":{"start":{"line":16,"column":4},"end":{"line":16,"column":26}},"7":{"start":{"line":18,"column":0},"end":{"line":18,"column":null}},"8":{"start":{"line":2,"column":13},"end":{"line":2,"column":30}}},"fnMap":{"0":{"name":"(anonymous_13)","decl":{"start":{"line":2,"column":0},"end":{"line":2,"column":13}},"loc":{"start":{"line":2,"column":0},"end":{"line":18,"column":null}}},"1":{"name":"UpdateProductInfo","decl":{"start":{"line":3,"column":2},"end":{"line":3,"column":31}},"loc":{"start":{"line":3,"column":77},"end":{"line":3,"column":81}}},"2":{"name":"(anonymous_15)","decl":{"start":{"line":5,"column":2},"end":{"line":5,"column":8}},"loc":{"start":{"line":8,"column":3},"end":{"line":17,"column":null}}}},"branchMap":{},"s":{"0":1,"1":1,"2":1,"3":1,"4":1,"5":1,"6":1,"7":1,"8":1},"f":{"0":1,"1":1,"2":1},"b":{}}
,"/home/brian/Desktop/coding_ground/projects/inprogress/ecom/src/services/users_service/service_repository/index.ts": {"path":"/home/brian/Desktop/coding_ground/projects/inprogress/ecom/src/services/users_service/service_repository/index.ts","statementMap":{"0":{"start":{"line":1,"column":0},"end":{"line":1,"column":54}},"1":{"start":{"line":2,"column":0},"end":{"line":2,"column":39}},"2":{"start":{"line":3,"column":0},"end":{"line":3,"column":43}},"3":{"start":{"line":5,"column":0},"end":{"line":5,"column":null}},"4":{"start":{"line":7,"column":10},"end":{"line":48,"column":null}},"5":{"start":{"line":11,"column":37},"end":{"line":11,"column":45}},"6":{"start":{"line":12,"column":73},"end":{"line":12,"column":78}},"7":{"start":{"line":19,"column":8},"end":{"line":19,"column":16}},"8":{"start":{"line":20,"column":19},"end":{"line":33,"column":6}},"9":{"start":{"line":34,"column":17},"end":{"line":46,"column":6}},"10":{"start":{"line":47,"column":4},"end":{"line":47,"column":37}},"11":{"start":{"line":50,"column":10},"end":{"line":75,"column":null}},"12":{"start":{"line":51,"column":67},"end":{"line":51,"column":72}},"13":{"start":{"line":58,"column":8},"end":{"line":58,"column":16}},"14":{"start":{"line":59,"column":19},"end":{"line":72,"column":6}},"15":{"start":{"line":74,"column":4},"end":{"line":74,"column":18}},"16":{"start":{"line":76,"column":8},"end":{"line":107,"column":null}},"17":{"start":{"line":80,"column":8},"end":{"line":80,"column":15}},"18":{"start":{"line":81,"column":21},"end":{"line":81,"column":null}},"19":{"start":{"line":81,"column":12},"end":{"line":81,"column":null}},"20":{"start":{"line":82,"column":13},"end":{"line":90,"column":40}},"21":{"start":{"line":82,"column":6},"end":{"line":90,"column":40}},"22":{"start":{"line":92,"column":13},"end":{"line":100,"column":24}},"23":{"start":{"line":92,"column":6},"end":{"line":100,"column":24}},"24":{"start":{"line":102,"column":10},"end":{"line":102,"column":28}},"25":{"start":{"line":103,"column":4},"end":{"line":105,"column":null}},"26":{"start":{"line":108,"column":8},"end":{"line":131,"column":null}},"27":{"start":{"line":111,"column":10},"end":{"line":111,"column":70}},"28":{"start":{"line":112,"column":22},"end":{"line":128,"column":null}},"29":{"start":{"line":112,"column":10},"end":{"line":128,"column":null}},"30":{"start":{"line":130,"column":4},"end":{"line":130,"column":73}},"31":{"start":{"line":132,"column":8},"end":{"line":154,"column":null}},"32":{"start":{"line":136,"column":12},"end":{"line":136,"column":37}},"33":{"start":{"line":137,"column":12},"end":{"line":137,"column":29}},"34":{"start":{"line":138,"column":4},"end":{"line":140,"column":7}},"35":{"start":{"line":141,"column":17},"end":{"line":149,"column":null}},"36":{"start":{"line":141,"column":10},"end":{"line":149,"column":null}},"37":{"start":{"line":150,"column":4},"end":{"line":153,"column":7}},"38":{"start":{"line":156,"column":8},"end":{"line":179,"column":null}},"39":{"start":{"line":159,"column":10},"end":{"line":159,"column":67}},"40":{"start":{"line":160,"column":24},"end":{"line":176,"column":null}},"41":{"start":{"line":160,"column":10},"end":{"line":176,"column":null}},"42":{"start":{"line":178,"column":4},"end":{"line":178,"column":55}},"43":{"start":{"line":180,"column":0},"end":{"line":180,"column":null}}},"fnMap":{"0":{"name":"(anonymous_16)","decl":{"start":{"line":5,"column":0},"end":{"line":5,"column":null}},"loc":{"start":{"line":5,"column":0},"end":{"line":180,"column":null}}},"1":{"name":"(anonymous_18)","decl":{"start":{"line":7,"column":2},"end":{"line":7,"column":10}},"loc":{"start":{"line":9,"column":58},"end":{"line":48,"column":3}}},"2":{"name":"(anonymous_19)","decl":{"start":{"line":50,"column":2},"end":{"line":50,"column":10}},"loc":{"start":{"line":50,"column":48},"end":{"line":75,"column":3}}},"3":{"name":"(anonymous_20)","decl":{"start":{"line":76,"column":2},"end":{"line":76,"column":8}},"loc":{"start":{"line":77,"column":42},"end":{"line":107,"column":null}}},"4":{"name":"(anonymous_23)","decl":{"start":{"line":108,"column":2},"end":{"line":108,"column":8}},"loc":{"start":{"line":109,"column":36},"end":{"line":131,"column":null}}},"5":{"name":"(anonymous_26)","decl":{"start":{"line":132,"column":2},"end":{"line":132,"column":8}},"loc":{"start":{"line":135,"column":3},"end":{"line":154,"column":null}}},"6":{"name":"(anonymous_29)","decl":{"start":{"line":156,"column":2},"end":{"line":156,"column":8}},"loc":{"start":{"line":157,"column":43},"end":{"line":179,"column":null}}}},"branchMap":{"0":{"loc":{"start":{"line":21,"column":23},"end":{"line":21,"column":31}},"type":"cond-expr","locations":[{"start":{"line":21,"column":23},"end":{"line":21,"column":31}},{"start":{"line":21,"column":34},"end":{"line":21,"column":37}}]},"1":{"loc":{"start":{"line":47,"column":23},"end":{"line":47,"column":29}},"type":"cond-expr","locations":[{"start":{"line":47,"column":23},"end":{"line":47,"column":29}},{"start":{"line":47,"column":32},"end":{"line":47,"column":36}}]},"2":{"loc":{"start":{"line":92,"column":13},"end":{"line":100,"column":24}},"type":"switch","locations":[{"start":{"line":92,"column":13},"end":{"line":100,"column":24}}]},"3":{"loc":{"start":{"line":80,"column":8},"end":{"line":80,"column":15}},"type":"if","locations":[{"start":{"line":80,"column":8},"end":{"line":80,"column":15}},{"start":{"line":80,"column":8},"end":{"line":80,"column":15}}]}},"s":{"0":2,"1":2,"2":2,"3":2,"4":2,"5":8,"6":24,"7":20,"8":4,"9":4,"10":4,"11":2,"12":6,"13":5,"14":1,"15":1,"16":2,"17":3,"18":1,"19":1,"20":1,"21":1,"22":1,"23":1,"24":2,"25":2,"26":2,"27":1,"28":1,"29":1,"30":1,"31":2,"32":1,"33":1,"34":2,"35":1,"36":1,"37":1,"38":2,"39":1,"40":1,"41":1,"42":1,"43":2},"f":{"0":4,"1":4,"2":1,"3":2,"4":1,"5":1,"6":1},"b":{"0":[1,3],"1":[3,1],"2":[1],"3":[1,1]}}
,"/home/brian/Desktop/coding_ground/projects/inprogress/ecom/src/services/users_service/usecase/addVendor.ts": {"path":"/home/brian/Desktop/coding_ground/projects/inprogress/ecom/src/services/users_service/usecase/addVendor.ts","statementMap":{"0":{"start":{"line":1,"column":0},"end":{"line":1,"column":13}},"1":{"start":{"line":2,"column":31},"end":{"line":2,"column":71}},"2":{"start":{"line":4,"column":3},"end":{"line":6,"column":null}},"3":{"start":{"line":5,"column":6},"end":{"line":5,"column":null}},"4":{"start":{"line":7,"column":0},"end":{"line":7,"column":null}},"5":{"start":{"line":1,"column":13},"end":{"line":1,"column":29}}},"fnMap":{"0":{"name":"(anonymous_0)","decl":{"start":{"line":1,"column":0},"end":{"line":1,"column":13}},"loc":{"start":{"line":1,"column":0},"end":{"line":7,"column":null}}},"1":{"name":"AddVendorUsecase","decl":{"start":{"line":2,"column":2},"end":{"line":2,"column":31}},"loc":{"start":{"line":2,"column":71},"end":{"line":2,"column":75}}},"2":{"name":"(anonymous_2)","decl":{"start":{"line":4,"column":3},"end":{"line":4,"column":6}},"loc":{"start":{"line":4,"column":39},"end":{"line":6,"column":3}}}},"branchMap":{},"s":{"0":1,"1":1,"2":1,"3":1,"4":1,"5":1},"f":{"0":1,"1":1,"2":1},"b":{}}
,"/home/brian/Desktop/coding_ground/projects/inprogress/ecom/src/services/users_service/usecase/auth.ts": {"path":"/home/brian/Desktop/coding_ground/projects/inprogress/ecom/src/services/users_service/usecase/auth.ts","statementMap":{"0":{"start":{"line":4,"column":0},"end":{"line":4,"column":null}},"1":{"start":{"line":6,"column":21},"end":{"line":6,"column":61}},"2":{"start":{"line":7,"column":21},"end":{"line":7,"column":53}},"3":{"start":{"line":8,"column":21},"end":{"line":8,"column":29}},"4":{"start":{"line":9,"column":21},"end":{"line":9,"column":32}},"5":{"start":{"line":10,"column":21},"end":{"line":10,"column":34}},"6":{"start":{"line":11,"column":21},"end":{"line":11,"column":36}},"7":{"start":{"line":15,"column":8},"end":{"line":38,"column":null}},"8":{"start":{"line":17,"column":12},"end":{"line":17,"column":22}},"9":{"start":{"line":18,"column":4},"end":{"line":18,"column":66}},"10":{"start":{"line":18,"column":15},"end":{"line":18,"column":66}},"11":{"start":{"line":20,"column":17},"end":{"line":23,"column":null}},"12":{"start":{"line":20,"column":10},"end":{"line":23,"column":null}},"13":{"start":{"line":26,"column":22},"end":{"line":29,"column":null}},"14":{"start":{"line":26,"column":10},"end":{"line":29,"column":null}},"15":{"start":{"line":30,"column":4},"end":{"line":30,"column":79}},"16":{"start":{"line":30,"column":20},"end":{"line":30,"column":79}},"17":{"start":{"line":35,"column":10},"end":{"line":35,"column":79}},"18":{"start":{"line":37,"column":4},"end":{"line":37,"column":41}},"19":{"start":{"line":40,"column":8},"end":{"line":77,"column":null}},"20":{"start":{"line":42,"column":12},"end":{"line":42,"column":22}},"21":{"start":{"line":43,"column":4},"end":{"line":43,"column":66}},"22":{"start":{"line":43,"column":15},"end":{"line":43,"column":66}},"23":{"start":{"line":46,"column":39},"end":{"line":49,"column":null}},"24":{"start":{"line":46,"column":10},"end":{"line":46,"column":39}},"25":{"start":{"line":50,"column":4},"end":{"line":50,"column":61}},"26":{"start":{"line":50,"column":21},"end":{"line":50,"column":61}},"27":{"start":{"line":51,"column":4},"end":{"line":51,"column":67}},"28":{"start":{"line":51,"column":21},"end":{"line":51,"column":67}},"29":{"start":{"line":54,"column":25},"end":{"line":54,"column":null}},"30":{"start":{"line":54,"column":10},"end":{"line":54,"column":null}},"31":{"start":{"line":57,"column":10},"end":{"line":57,"column":42}},"32":{"start":{"line":61,"column":12},"end":{"line":61,"column":62}},"33":{"start":{"line":62,"column":12},"end":{"line":62,"column":64}},"34":{"start":{"line":63,"column":44},"end":{"line":67,"column":null}},"35":{"start":{"line":63,"column":12},"end":{"line":67,"column":null}},"36":{"start":{"line":69,"column":6},"end":{"line":73,"column":8}},"37":{"start":{"line":75,"column":6},"end":{"line":75,"column":76}},"38":{"start":{"line":79,"column":8},"end":{"line":104,"column":null}},"39":{"start":{"line":80,"column":12},"end":{"line":80,"column":22}},"40":{"start":{"line":81,"column":10},"end":{"line":81,"column":43}},"41":{"start":{"line":83,"column":17},"end":{"line":83,"column":null}},"42":{"start":{"line":83,"column":10},"end":{"line":83,"column":null}},"43":{"start":{"line":84,"column":25},"end":{"line":84,"column":null}},"44":{"start":{"line":84,"column":10},"end":{"line":84,"column":null}},"45":{"start":{"line":85,"column":4},"end":{"line":88,"column":7}},"46":{"start":{"line":89,"column":17},"end":{"line":89,"column":null}},"47":{"start":{"line":89,"column":10},"end":{"line":89,"column":null}},"48":{"start":{"line":91,"column":10},"end":{"line":97,"column":10}},"49":{"start":{"line":99,"column":4},"end":{"line":99,"column":77}},"50":{"start":{"line":100,"column":4},"end":{"line":103,"column":6}},"51":{"start":{"line":105,"column":0},"end":{"line":105,"column":null}}},"fnMap":{"0":{"name":"(anonymous_15)","decl":{"start":{"line":4,"column":0},"end":{"line":4,"column":null}},"loc":{"start":{"line":4,"column":0},"end":{"line":105,"column":null}}},"1":{"name":"AuthenticationUsecase","decl":{"start":{"line":5,"column":2},"end":{"line":5,"column":null}},"loc":{"start":{"line":11,"column":36},"end":{"line":12,"column":6}}},"2":{"name":"(anonymous_17)","decl":{"start":{"line":15,"column":2},"end":{"line":15,"column":8}},"loc":{"start":{"line":15,"column":59},"end":{"line":38,"column":null}}},"3":{"name":"(anonymous_20)","decl":{"start":{"line":40,"column":2},"end":{"line":40,"column":8}},"loc":{"start":{"line":40,"column":53},"end":{"line":77,"column":null}}},"4":{"name":"(anonymous_23)","decl":{"start":{"line":79,"column":2},"end":{"line":79,"column":8}},"loc":{"start":{"line":79,"column":60},"end":{"line":104,"column":null}}}},"branchMap":{"0":{"loc":{"start":{"line":18,"column":4},"end":{"line":18,"column":66}},"type":"if","locations":[{"start":{"line":18,"column":4},"end":{"line":18,"column":66}},{"start":{"line":18,"column":4},"end":{"line":18,"column":66}}]},"1":{"loc":{"start":{"line":30,"column":4},"end":{"line":30,"column":79}},"type":"if","locations":[{"start":{"line":30,"column":4},"end":{"line":30,"column":79}},{"start":{"line":30,"column":4},"end":{"line":30,"column":79}}]},"2":{"loc":{"start":{"line":43,"column":4},"end":{"line":43,"column":66}},"type":"if","locations":[{"start":{"line":43,"column":4},"end":{"line":43,"column":66}},{"start":{"line":43,"column":4},"end":{"line":43,"column":66}}]},"3":{"loc":{"start":{"line":50,"column":4},"end":{"line":50,"column":61}},"type":"if","locations":[{"start":{"line":50,"column":4},"end":{"line":50,"column":61}},{"start":{"line":50,"column":4},"end":{"line":50,"column":61}}]},"4":{"loc":{"start":{"line":51,"column":4},"end":{"line":51,"column":67}},"type":"if","locations":[{"start":{"line":51,"column":4},"end":{"line":51,"column":67}},{"start":{"line":51,"column":4},"end":{"line":51,"column":67}}]}},"s":{"0":1,"1":1,"2":1,"3":1,"4":1,"5":1,"6":1,"7":1,"8":3,"9":3,"10":1,"11":2,"12":2,"13":2,"14":2,"15":2,"16":1,"17":1,"18":1,"19":1,"20":4,"21":4,"22":1,"23":3,"24":3,"25":3,"26":1,"27":2,"28":0,"29":2,"30":2,"31":2,"32":2,"33":2,"34":2,"35":1,"36":1,"37":1,"38":1,"39":1,"40":1,"41":1,"42":1,"43":1,"44":1,"45":2,"46":1,"47":1,"48":1,"49":2,"50":1,"51":1},"f":{"0":1,"1":1,"2":3,"3":4,"4":1},"b":{"0":[1,2],"1":[1,1],"2":[1,3],"3":[1,2],"4":[0,2]}}
,"/home/brian/Desktop/coding_ground/projects/inprogress/ecom/src/services/users_service/usecase/profile_usecase.ts": {"path":"/home/brian/Desktop/coding_ground/projects/inprogress/ecom/src/services/users_service/usecase/profile_usecase.ts","statementMap":{"0":{"start":{"line":1,"column":0},"end":{"line":1,"column":null}},"1":{"start":{"line":2,"column":31},"end":{"line":2,"column":71}},"2":{"start":{"line":5,"column":8},"end":{"line":17,"column":null}},"3":{"start":{"line":5,"column":32},"end":{"line":5,"column":34}},"4":{"start":{"line":5,"column":41},"end":{"line":5,"column":71}},"5":{"start":{"line":8,"column":33},"end":{"line":11,"column":null}},"6":{"start":{"line":7,"column":6},"end":{"line":7,"column":null}},"7":{"start":{"line":13,"column":4},"end":{"line":16,"column":6}},"8":{"start":{"line":19,"column":8},"end":{"line":39,"column":null}},"9":{"start":{"line":20,"column":44},"end":{"line":22,"column":null}},"10":{"start":{"line":20,"column":10},"end":{"line":22,"column":null}},"11":{"start":{"line":24,"column":6},"end":{"line":29,"column":null}},"12":{"start":{"line":31,"column":4},"end":{"line":38,"column":6}},"13":{"start":{"line":40,"column":0},"end":{"line":40,"column":null}}},"fnMap":{"0":{"name":"(anonymous_13)","decl":{"start":{"line":1,"column":0},"end":{"line":1,"column":null}},"loc":{"start":{"line":1,"column":0},"end":{"line":40,"column":null}}},"1":{"name":"ProfileUsecase","decl":{"start":{"line":2,"column":2},"end":{"line":2,"column":31}},"loc":{"start":{"line":2,"column":71},"end":{"line":2,"column":75}}},"2":{"name":"(anonymous_15)","decl":{"start":{"line":5,"column":2},"end":{"line":5,"column":8}},"loc":{"start":{"line":5,"column":71},"end":{"line":17,"column":null}}},"3":{"name":"(anonymous_18)","decl":{"start":{"line":19,"column":2},"end":{"line":19,"column":8}},"loc":{"start":{"line":19,"column":31},"end":{"line":39,"column":null}}}},"branchMap":{"0":{"loc":{"start":{"line":8,"column":33},"end":{"line":11,"column":null}},"type":"switch","locations":[{"start":{"line":8,"column":33},"end":{"line":11,"column":null}}]},"1":{"loc":{"start":{"line":20,"column":44},"end":{"line":22,"column":null}},"type":"switch","locations":[{"start":{"line":20,"column":44},"end":{"line":22,"column":null}}]}},"s":{"0":1,"1":1,"2":1,"3":1,"4":1,"5":1,"6":1,"7":1,"8":1,"9":1,"10":1,"11":1,"12":1,"13":1},"f":{"0":1,"1":1,"2":1,"3":1},"b":{"0":[1],"1":[1]}}
}
