{"/home/brian/Desktop/coding_ground/projects/inprogress/ecom/src/constants/config.ts": {"path":"/home/brian/Desktop/coding_ground/projects/inprogress/ecom/src/constants/config.ts","statementMap":{"0":{"start":{"line":1,"column":0},"end":{"line":1,"column":27}},"1":{"start":{"line":2,"column":13},"end":{"line":61,"column":2}}},"fnMap":{},"branchMap":{},"s":{"0":1,"1":1},"f":{},"b":{}}
,"/home/brian/Desktop/coding_ground/projects/inprogress/ecom/src/constants/tableNames.ts": {"path":"/home/brian/Desktop/coding_ground/projects/inprogress/ecom/src/constants/tableNames.ts","statementMap":{"0":{"start":{"line":1,"column":18},"end":{"line":16,"column":2}},"1":{"start":{"line":18,"column":0},"end":{"line":18,"column":25}}},"fnMap":{},"branchMap":{},"s":{"0":1,"1":1},"f":{},"b":{}}
,"/home/brian/Desktop/coding_ground/projects/inprogress/ecom/src/services/orders_service/usecase/create_order.ts": {"path":"/home/brian/Desktop/coding_ground/projects/inprogress/ecom/src/services/orders_service/usecase/create_order.ts","statementMap":{"0":{"start":{"line":4,"column":0},"end":{"line":4,"column":13}},"1":{"start":{"line":5,"column":31},"end":{"line":5,"column":60}},"2":{"start":{"line":7,"column":8},"end":{"line":29,"column":null}},"3":{"start":{"line":8,"column":32},"end":{"line":10,"column":null}},"4":{"start":{"line":8,"column":10},"end":{"line":10,"column":null}},"5":{"start":{"line":11,"column":8},"end":{"line":11,"column":27}},"6":{"start":{"line":12,"column":12},"end":{"line":12,"column":44}},"7":{"start":{"line":13,"column":10},"end":{"line":15,"column":8}},"8":{"start":{"line":16,"column":6},"end":{"line":16,"column":54}},"9":{"start":{"line":18,"column":34},"end":{"line":21,"column":null}},"10":{"start":{"line":18,"column":12},"end":{"line":18,"column":34}},"11":{"start":{"line":23,"column":12},"end":{"line":26,"column":8}},"12":{"start":{"line":27,"column":6},"end":{"line":27,"column":21}},"13":{"start":{"line":31,"column":10},"end":{"line":52,"column":null}},"14":{"start":{"line":42,"column":61},"end":{"line":42,"column":63}},"15":{"start":{"line":44,"column":18},"end":{"line":44,"column":35}},"16":{"start":{"line":45,"column":4},"end":{"line":50,"column":null}},"17":{"start":{"line":45,"column":25},"end":{"line":45,"column":26}},"18":{"start":{"line":46,"column":18},"end":{"line":46,"column":53}},"19":{"start":{"line":47,"column":24},"end":{"line":47,"column":49}},"20":{"start":{"line":48,"column":18},"end":{"line":48,"column":36}},"21":{"start":{"line":49,"column":6},"end":{"line":49,"column":26}},"22":{"start":{"line":51,"column":4},"end":{"line":51,"column":19}},"23":{"start":{"line":53,"column":0},"end":{"line":53,"column":null}},"24":{"start":{"line":4,"column":13},"end":{"line":4,"column":31}}},"fnMap":{"0":{"name":"(anonymous_15)","decl":{"start":{"line":4,"column":0},"end":{"line":4,"column":13}},"loc":{"start":{"line":4,"column":0},"end":{"line":53,"column":null}}},"1":{"name":"CreateOrderUsecase","decl":{"start":{"line":5,"column":2},"end":{"line":5,"column":31}},"loc":{"start":{"line":5,"column":60},"end":{"line":5,"column":64}}},"2":{"name":"(anonymous_17)","decl":{"start":{"line":7,"column":2},"end":{"line":7,"column":8}},"loc":{"start":{"line":7,"column":32},"end":{"line":29,"column":null}}},"3":{"name":"(anonymous_20)","decl":{"start":{"line":31,"column":2},"end":{"line":31,"column":10}},"loc":{"start":{"line":40,"column":7},"end":{"line":52,"column":3}}}},"branchMap":{"0":{"loc":{"start":{"line":8,"column":32},"end":{"line":10,"column":null}},"type":"switch","locations":[{"start":{"line":8,"column":32},"end":{"line":10,"column":null}}]},"1":{"loc":{"start":{"line":11,"column":8},"end":{"line":11,"column":27}},"type":"if","locations":[{"start":{"line":11,"column":8},"end":{"line":11,"column":27}},{"start":{"line":11,"column":8},"end":{"line":11,"column":27}}]}},"s":{"0":1,"1":1,"2":1,"3":4,"4":4,"5":5,"6":3,"7":3,"8":6,"9":3,"10":3,"11":3,"12":3,"13":1,"14":3,"15":3,"16":3,"17":3,"18":6,"19":6,"20":6,"21":6,"22":3,"23":1,"24":1},"f":{"0":1,"1":1,"2":4,"3":3},"b":{"0":[4],"1":[1,3]}}
,"/home/brian/Desktop/coding_ground/projects/inprogress/ecom/src/services/orders_service/usecase/fetch_orders.ts": {"path":"/home/brian/Desktop/coding_ground/projects/inprogress/ecom/src/services/orders_service/usecase/fetch_orders.ts","statementMap":{"0":{"start":{"line":4,"column":0},"end":{"line":4,"column":13}},"1":{"start":{"line":5,"column":31},"end":{"line":5,"column":60}},"2":{"start":{"line":6,"column":8},"end":{"line":9,"column":null}},"3":{"start":{"line":7,"column":19},"end":{"line":7,"column":null}},"4":{"start":{"line":7,"column":10},"end":{"line":7,"column":null}},"5":{"start":{"line":8,"column":4},"end":{"line":8,"column":18}},"6":{"start":{"line":10,"column":0},"end":{"line":10,"column":null}},"7":{"start":{"line":4,"column":13},"end":{"line":4,"column":31}}},"fnMap":{"0":{"name":"(anonymous_13)","decl":{"start":{"line":4,"column":0},"end":{"line":4,"column":13}},"loc":{"start":{"line":4,"column":0},"end":{"line":10,"column":null}}},"1":{"name":"FetchOrdersUsecase","decl":{"start":{"line":5,"column":2},"end":{"line":5,"column":31}},"loc":{"start":{"line":5,"column":60},"end":{"line":5,"column":64}}},"2":{"name":"(anonymous_15)","decl":{"start":{"line":6,"column":2},"end":{"line":6,"column":8}},"loc":{"start":{"line":6,"column":35},"end":{"line":9,"column":null}}}},"branchMap":{"0":{"loc":{"start":{"line":7,"column":19},"end":{"line":7,"column":null}},"type":"switch","locations":[{"start":{"line":7,"column":19},"end":{"line":7,"column":null}}]}},"s":{"0":1,"1":1,"2":1,"3":1,"4":1,"5":1,"6":1,"7":1},"f":{"0":1,"1":1,"2":1},"b":{"0":[1]}}
,"/home/brian/Desktop/coding_ground/projects/inprogress/ecom/src/services/products_service/usecases/add_product.ts": {"path":"/home/brian/Desktop/coding_ground/projects/inprogress/ecom/src/services/products_service/usecases/add_product.ts","statementMap":{"0":{"start":{"line":4,"column":0},"end":{"line":4,"column":13}},"1":{"start":{"line":5,"column":31},"end":{"line":5,"column":61}},"2":{"start":{"line":6,"column":8},"end":{"line":19,"column":null}},"3":{"start":{"line":7,"column":28},"end":{"line":7,"column":null}},"4":{"start":{"line":7,"column":10},"end":{"line":7,"column":null}},"5":{"start":{"line":9,"column":8},"end":{"line":9,"column":9}},"6":{"start":{"line":10,"column":15},"end":{"line":10,"column":57}},"7":{"start":{"line":10,"column":6},"end":{"line":10,"column":57}},"8":{"start":{"line":11,"column":6},"end":{"line":11,"column":20}},"9":{"start":{"line":13,"column":12},"end":{"line":13,"column":25}},"10":{"start":{"line":14,"column":13},"end":{"line":17,"column":7}},"11":{"start":{"line":14,"column":4},"end":{"line":17,"column":7}},"12":{"start":{"line":18,"column":4},"end":{"line":18,"column":18}},"13":{"start":{"line":20,"column":0},"end":{"line":20,"column":null}},"14":{"start":{"line":4,"column":13},"end":{"line":4,"column":30}}},"fnMap":{"0":{"name":"(anonymous_13)","decl":{"start":{"line":4,"column":0},"end":{"line":4,"column":13}},"loc":{"start":{"line":4,"column":0},"end":{"line":20,"column":null}}},"1":{"name":"AddProductUsecase","decl":{"start":{"line":5,"column":2},"end":{"line":5,"column":31}},"loc":{"start":{"line":5,"column":61},"end":{"line":5,"column":65}}},"2":{"name":"(anonymous_15)","decl":{"start":{"line":6,"column":2},"end":{"line":6,"column":8}},"loc":{"start":{"line":6,"column":35},"end":{"line":19,"column":null}}}},"branchMap":{"0":{"loc":{"start":{"line":7,"column":28},"end":{"line":7,"column":null}},"type":"switch","locations":[{"start":{"line":7,"column":28},"end":{"line":7,"column":null}}]},"1":{"loc":{"start":{"line":9,"column":8},"end":{"line":9,"column":9}},"type":"if","locations":[{"start":{"line":9,"column":8},"end":{"line":9,"column":9}},{"start":{"line":9,"column":8},"end":{"line":9,"column":9}}]}},"s":{"0":1,"1":1,"2":1,"3":2,"4":2,"5":3,"6":1,"7":1,"8":1,"9":1,"10":1,"11":1,"12":1,"13":1,"14":1},"f":{"0":1,"1":1,"2":2},"b":{"0":[2],"1":[1,1]}}
,"/home/brian/Desktop/coding_ground/projects/inprogress/ecom/src/services/products_service/usecases/delete_product_usecase.ts": {"path":"/home/brian/Desktop/coding_ground/projects/inprogress/ecom/src/services/products_service/usecases/delete_product_usecase.ts","statementMap":{"0":{"start":{"line":4,"column":0},"end":{"line":4,"column":13}},"1":{"start":{"line":5,"column":31},"end":{"line":5,"column":61}},"2":{"start":{"line":7,"column":8},"end":{"line":15,"column":null}},"3":{"start":{"line":13,"column":27},"end":{"line":13,"column":null}},"4":{"start":{"line":13,"column":10},"end":{"line":13,"column":null}},"5":{"start":{"line":14,"column":4},"end":{"line":14,"column":26}},"6":{"start":{"line":16,"column":0},"end":{"line":16,"column":null}},"7":{"start":{"line":4,"column":13},"end":{"line":4,"column":30}}},"fnMap":{"0":{"name":"(anonymous_13)","decl":{"start":{"line":4,"column":0},"end":{"line":4,"column":13}},"loc":{"start":{"line":4,"column":0},"end":{"line":16,"column":null}}},"1":{"name":"DeleteProductInfo","decl":{"start":{"line":5,"column":2},"end":{"line":5,"column":31}},"loc":{"start":{"line":5,"column":61},"end":{"line":5,"column":65}}},"2":{"name":"(anonymous_15)","decl":{"start":{"line":7,"column":2},"end":{"line":7,"column":8}},"loc":{"start":{"line":8,"column":21},"end":{"line":15,"column":null}}}},"branchMap":{"0":{"loc":{"start":{"line":13,"column":27},"end":{"line":13,"column":null}},"type":"switch","locations":[{"start":{"line":13,"column":27},"end":{"line":13,"column":null}}]}},"s":{"0":1,"1":1,"2":1,"3":1,"4":1,"5":1,"6":1,"7":1},"f":{"0":1,"1":1,"2":1},"b":{"0":[1]}}
,"/home/brian/Desktop/coding_ground/projects/inprogress/ecom/src/services/products_service/usecases/fetch_product_usecase.ts": {"path":"/home/brian/Desktop/coding_ground/projects/inprogress/ecom/src/services/products_service/usecases/fetch_product_usecase.ts","statementMap":{"0":{"start":{"line":4,"column":0},"end":{"line":4,"column":13}},"1":{"start":{"line":5,"column":31},"end":{"line":5,"column":61}},"2":{"start":{"line":7,"column":8},"end":{"line":24,"column":null}},"3":{"start":{"line":11,"column":12},"end":{"line":11,"column":26}},"4":{"start":{"line":14,"column":4},"end":{"line":16,"column":null}},"5":{"start":{"line":15,"column":6},"end":{"line":15,"column":54}},"6":{"start":{"line":18,"column":8},"end":{"line":18,"column":11}},"7":{"start":{"line":19,"column":16},"end":{"line":19,"column":55}},"8":{"start":{"line":19,"column":6},"end":{"line":19,"column":55}},"9":{"start":{"line":20,"column":6},"end":{"line":20,"column":21}},"10":{"start":{"line":22,"column":14},"end":{"line":22,"column":54}},"11":{"start":{"line":22,"column":4},"end":{"line":22,"column":54}},"12":{"start":{"line":23,"column":4},"end":{"line":23,"column":19}},"13":{"start":{"line":26,"column":8},"end":{"line":29,"column":null}},"14":{"start":{"line":27,"column":21},"end":{"line":27,"column":null}},"15":{"start":{"line":27,"column":10},"end":{"line":27,"column":null}},"16":{"start":{"line":28,"column":4},"end":{"line":28,"column":20}},"17":{"start":{"line":31,"column":8},"end":{"line":36,"column":null}},"18":{"start":{"line":32,"column":29},"end":{"line":34,"column":null}},"19":{"start":{"line":32,"column":10},"end":{"line":34,"column":null}},"20":{"start":{"line":35,"column":4},"end":{"line":35,"column":28}},"21":{"start":{"line":37,"column":0},"end":{"line":37,"column":null}},"22":{"start":{"line":4,"column":13},"end":{"line":4,"column":32}}},"fnMap":{"0":{"name":"(anonymous_13)","decl":{"start":{"line":4,"column":0},"end":{"line":4,"column":13}},"loc":{"start":{"line":4,"column":0},"end":{"line":37,"column":null}}},"1":{"name":"FetchProductUsecase","decl":{"start":{"line":5,"column":2},"end":{"line":5,"column":31}},"loc":{"start":{"line":5,"column":61},"end":{"line":5,"column":65}}},"2":{"name":"(anonymous_15)","decl":{"start":{"line":7,"column":2},"end":{"line":7,"column":8}},"loc":{"start":{"line":10,"column":3},"end":{"line":24,"column":null}}},"3":{"name":"(anonymous_18)","decl":{"start":{"line":26,"column":2},"end":{"line":26,"column":8}},"loc":{"start":{"line":26,"column":2},"end":{"line":29,"column":null}}},"4":{"name":"(anonymous_21)","decl":{"start":{"line":31,"column":2},"end":{"line":31,"column":8}},"loc":{"start":{"line":31,"column":49},"end":{"line":36,"column":null}}}},"branchMap":{"0":{"loc":{"start":{"line":22,"column":14},"end":{"line":22,"column":54}},"type":"switch","locations":[{"start":{"line":22,"column":14},"end":{"line":22,"column":54}}]},"1":{"loc":{"start":{"line":14,"column":4},"end":{"line":16,"column":null}},"type":"if","locations":[{"start":{"line":14,"column":4},"end":{"line":16,"column":null}},{"start":{"line":14,"column":4},"end":{"line":16,"column":null}}]},"2":{"loc":{"start":{"line":14,"column":8},"end":{"line":14,"column":25}},"type":"binary-expr","locations":[{"start":{"line":14,"column":8},"end":{"line":14,"column":25}},{"start":{"line":14,"column":29},"end":{"line":14,"column":47}}]},"3":{"loc":{"start":{"line":18,"column":8},"end":{"line":18,"column":11}},"type":"if","locations":[{"start":{"line":18,"column":8},"end":{"line":18,"column":11}},{"start":{"line":18,"column":8},"end":{"line":18,"column":11}}]},"4":{"loc":{"start":{"line":27,"column":21},"end":{"line":27,"column":null}},"type":"switch","locations":[{"start":{"line":27,"column":21},"end":{"line":27,"column":null}}]},"5":{"loc":{"start":{"line":32,"column":29},"end":{"line":34,"column":null}},"type":"switch","locations":[{"start":{"line":32,"column":29},"end":{"line":34,"column":null}}]}},"s":{"0":1,"1":1,"2":1,"3":3,"4":3,"5":1,"6":3,"7":1,"8":1,"9":1,"10":1,"11":1,"12":1,"13":1,"14":1,"15":1,"16":1,"17":1,"18":1,"19":1,"20":1,"21":1,"22":1},"f":{"0":1,"1":1,"2":3,"3":1,"4":1},"b":{"0":[1],"1":[1,2],"2":[3,2],"3":[1,1],"4":[1],"5":[1]}}
,"/home/brian/Desktop/coding_ground/projects/inprogress/ecom/src/services/products_service/usecases/update_product_info.ts": {"path":"/home/brian/Desktop/coding_ground/projects/inprogress/ecom/src/services/products_service/usecases/update_product_info.ts","statementMap":{"0":{"start":{"line":3,"column":0},"end":{"line":3,"column":13}},"1":{"start":{"line":4,"column":31},"end":{"line":4,"column":61}},"2":{"start":{"line":6,"column":8},"end":{"line":34,"column":null}},"3":{"start":{"line":16,"column":12},"end":{"line":16,"column":35}},"4":{"start":{"line":17,"column":10},"end":{"line":17,"column":44}},"5":{"start":{"line":18,"column":10},"end":{"line":18,"column":48}},"6":{"start":{"line":19,"column":8},"end":{"line":19,"column":59}},"7":{"start":{"line":21,"column":8},"end":{"line":21,"column":31}},"8":{"start":{"line":22,"column":4},"end":{"line":27,"column":null}},"9":{"start":{"line":23,"column":12},"end":{"line":23,"column":37}},"10":{"start":{"line":24,"column":12},"end":{"line":24,"column":33}},"11":{"start":{"line":25,"column":10},"end":{"line":25,"column":33}},"12":{"start":{"line":26,"column":6},"end":{"line":26,"column":25}},"13":{"start":{"line":28,"column":27},"end":{"line":31,"column":null}},"14":{"start":{"line":28,"column":10},"end":{"line":31,"column":null}},"15":{"start":{"line":33,"column":4},"end":{"line":33,"column":26}},"16":{"start":{"line":35,"column":0},"end":{"line":35,"column":null}},"17":{"start":{"line":3,"column":13},"end":{"line":3,"column":30}}},"fnMap":{"0":{"name":"(anonymous_13)","decl":{"start":{"line":3,"column":0},"end":{"line":3,"column":13}},"loc":{"start":{"line":3,"column":0},"end":{"line":35,"column":null}}},"1":{"name":"UpdateProductInfo","decl":{"start":{"line":4,"column":2},"end":{"line":4,"column":31}},"loc":{"start":{"line":4,"column":61},"end":{"line":4,"column":65}}},"2":{"name":"(anonymous_15)","decl":{"start":{"line":6,"column":2},"end":{"line":6,"column":8}},"loc":{"start":{"line":15,"column":3},"end":{"line":34,"column":null}}}},"branchMap":{},"s":{"0":1,"1":1,"2":1,"3":1,"4":1,"5":1,"6":1,"7":1,"8":1,"9":4,"10":4,"11":4,"12":4,"13":1,"14":1,"15":1,"16":1,"17":1},"f":{"0":1,"1":1,"2":1},"b":{}}
,"/home/brian/Desktop/coding_ground/projects/inprogress/ecom/src/services/users_service/service_repository/index.ts": {"path":"/home/brian/Desktop/coding_ground/projects/inprogress/ecom/src/services/users_service/service_repository/index.ts","statementMap":{"0":{"start":{"line":1,"column":0},"end":{"line":1,"column":54}},"1":{"start":{"line":3,"column":0},"end":{"line":3,"column":39}},"2":{"start":{"line":5,"column":0},"end":{"line":5,"column":null}},"3":{"start":{"line":7,"column":10},"end":{"line":48,"column":null}},"4":{"start":{"line":11,"column":37},"end":{"line":11,"column":45}},"5":{"start":{"line":12,"column":73},"end":{"line":12,"column":78}},"6":{"start":{"line":19,"column":8},"end":{"line":19,"column":16}},"7":{"start":{"line":20,"column":19},"end":{"line":33,"column":6}},"8":{"start":{"line":34,"column":17},"end":{"line":46,"column":6}},"9":{"start":{"line":47,"column":4},"end":{"line":47,"column":37}},"10":{"start":{"line":50,"column":8},"end":{"line":67,"column":null}},"11":{"start":{"line":53,"column":17},"end":{"line":61,"column":null}},"12":{"start":{"line":53,"column":10},"end":{"line":61,"column":null}},"13":{"start":{"line":62,"column":10},"end":{"line":62,"column":28}},"14":{"start":{"line":63,"column":4},"end":{"line":65,"column":null}},"15":{"start":{"line":68,"column":8},"end":{"line":91,"column":null}},"16":{"start":{"line":71,"column":10},"end":{"line":71,"column":70}},"17":{"start":{"line":72,"column":22},"end":{"line":88,"column":null}},"18":{"start":{"line":72,"column":10},"end":{"line":88,"column":null}},"19":{"start":{"line":90,"column":4},"end":{"line":90,"column":73}},"20":{"start":{"line":92,"column":8},"end":{"line":114,"column":null}},"21":{"start":{"line":96,"column":12},"end":{"line":96,"column":37}},"22":{"start":{"line":97,"column":12},"end":{"line":97,"column":29}},"23":{"start":{"line":98,"column":4},"end":{"line":100,"column":7}},"24":{"start":{"line":101,"column":17},"end":{"line":109,"column":null}},"25":{"start":{"line":101,"column":10},"end":{"line":109,"column":null}},"26":{"start":{"line":110,"column":4},"end":{"line":113,"column":7}},"27":{"start":{"line":115,"column":0},"end":{"line":115,"column":null}}},"fnMap":{"0":{"name":"(anonymous_16)","decl":{"start":{"line":5,"column":0},"end":{"line":5,"column":null}},"loc":{"start":{"line":5,"column":0},"end":{"line":115,"column":null}}},"1":{"name":"(anonymous_18)","decl":{"start":{"line":7,"column":2},"end":{"line":7,"column":10}},"loc":{"start":{"line":9,"column":58},"end":{"line":48,"column":3}}},"2":{"name":"(anonymous_19)","decl":{"start":{"line":50,"column":2},"end":{"line":50,"column":8}},"loc":{"start":{"line":51,"column":42},"end":{"line":67,"column":null}}},"3":{"name":"(anonymous_22)","decl":{"start":{"line":68,"column":2},"end":{"line":68,"column":8}},"loc":{"start":{"line":69,"column":36},"end":{"line":91,"column":null}}},"4":{"name":"(anonymous_25)","decl":{"start":{"line":92,"column":2},"end":{"line":92,"column":8}},"loc":{"start":{"line":95,"column":3},"end":{"line":114,"column":null}}}},"branchMap":{"0":{"loc":{"start":{"line":21,"column":23},"end":{"line":21,"column":31}},"type":"cond-expr","locations":[{"start":{"line":21,"column":23},"end":{"line":21,"column":31}},{"start":{"line":21,"column":34},"end":{"line":21,"column":37}}]},"1":{"loc":{"start":{"line":47,"column":23},"end":{"line":47,"column":29}},"type":"cond-expr","locations":[{"start":{"line":47,"column":23},"end":{"line":47,"column":29}},{"start":{"line":47,"column":32},"end":{"line":47,"column":36}}]},"2":{"loc":{"start":{"line":53,"column":17},"end":{"line":61,"column":null}},"type":"switch","locations":[{"start":{"line":53,"column":17},"end":{"line":61,"column":null}}]}},"s":{"0":1,"1":1,"2":1,"3":1,"4":6,"5":18,"6":15,"7":3,"8":3,"9":3,"10":1,"11":1,"12":1,"13":1,"14":1,"15":1,"16":1,"17":1,"18":1,"19":1,"20":1,"21":1,"22":1,"23":2,"24":1,"25":1,"26":1,"27":1},"f":{"0":2,"1":3,"2":1,"3":1,"4":1},"b":{"0":[1,2],"1":[2,1],"2":[1]}}
,"/home/brian/Desktop/coding_ground/projects/inprogress/ecom/src/services/users_service/service_repository/models/address.model.ts": {"path":"/home/brian/Desktop/coding_ground/projects/inprogress/ecom/src/services/users_service/service_repository/models/address.model.ts","statementMap":{"0":{"start":{"line":1,"column":0},"end":{"line":1,"column":51}},"1":{"start":{"line":2,"column":0},"end":{"line":2,"column":57}},"2":{"start":{"line":3,"column":0},"end":{"line":3,"column":24}},"3":{"start":{"line":4,"column":0},"end":{"line":4,"column":65}},"4":{"start":{"line":6,"column":20},"end":{"line":6,"column":57}},"5":{"start":{"line":7,"column":25},"end":{"line":7,"column":48}},"6":{"start":{"line":9,"column":19},"end":{"line":9,"column":41}},"7":{"start":{"line":11,"column":0},"end":{"line":11,"column":23}},"8":{"start":{"line":12,"column":0},"end":{"line":12,"column":38}},"9":{"start":{"line":13,"column":0},"end":{"line":13,"column":32}},"10":{"start":{"line":15,"column":0},"end":{"line":15,"column":null}},"11":{"start":{"line":15,"column":37},"end":{"line":15,"column":42}},"12":{"start":{"line":16,"column":2},"end":{"line":18,"column":null}},"13":{"start":{"line":17,"column":4},"end":{"line":17,"column":29}},"14":{"start":{"line":19,"column":2},"end":{"line":21,"column":null}},"15":{"start":{"line":20,"column":4},"end":{"line":20,"column":17}},"16":{"start":{"line":22,"column":9},"end":{"line":39,"column":4}},"17":{"start":{"line":40,"column":0},"end":{"line":40,"column":null}},"18":{"start":{"line":15,"column":21},"end":{"line":15,"column":37}},"19":{"start":{"line":42,"column":0},"end":{"line":46,"column":null}},"20":{"start":{"line":43,"column":2},"end":{"line":45,"column":6}}},"fnMap":{"0":{"name":"(anonymous_7)","decl":{"start":{"line":15,"column":0},"end":{"line":15,"column":21}},"loc":{"start":{"line":15,"column":0},"end":{"line":15,"column":21}}},"1":{"name":"(anonymous_9)","decl":{"start":{"line":16,"column":2},"end":{"line":16,"column":13}},"loc":{"start":{"line":16,"column":2},"end":{"line":18,"column":3}}},"2":{"name":"(anonymous_10)","decl":{"start":{"line":19,"column":2},"end":{"line":19,"column":13}},"loc":{"start":{"line":19,"column":2},"end":{"line":21,"column":3}}},"3":{"name":"evec","decl":{"start":{"line":42,"column":10},"end":{"line":42,"column":14}},"loc":{"start":{"line":42,"column":14},"end":{"line":46,"column":1}}}},"branchMap":{"0":{"loc":{"start":{"line":6,"column":20},"end":{"line":6,"column":40}},"type":"binary-expr","locations":[{"start":{"line":6,"column":20},"end":{"line":6,"column":40}},{"start":{"line":6,"column":44},"end":{"line":6,"column":57}}]}},"s":{"0":1,"1":1,"2":1,"3":1,"4":1,"5":1,"6":1,"7":1,"8":1,"9":1,"10":1,"11":1,"12":1,"13":60,"14":1,"15":2,"16":1,"17":1,"18":1,"19":1,"20":0},"f":{"0":9,"1":60,"2":2,"3":0},"b":{"0":[1,0]}}
,"/home/brian/Desktop/coding_ground/projects/inprogress/ecom/src/services/users_service/service_repository/models/city.model.ts": {"path":"/home/brian/Desktop/coding_ground/projects/inprogress/ecom/src/services/users_service/service_repository/models/city.model.ts","statementMap":{"0":{"start":{"line":1,"column":0},"end":{"line":1,"column":34}},"1":{"start":{"line":2,"column":0},"end":{"line":2,"column":57}},"2":{"start":{"line":3,"column":0},"end":{"line":3,"column":24}},"3":{"start":{"line":4,"column":0},"end":{"line":4,"column":65}},"4":{"start":{"line":6,"column":20},"end":{"line":6,"column":57}},"5":{"start":{"line":7,"column":25},"end":{"line":7,"column":48}},"6":{"start":{"line":9,"column":19},"end":{"line":9,"column":41}},"7":{"start":{"line":11,"column":0},"end":{"line":11,"column":23}},"8":{"start":{"line":12,"column":0},"end":{"line":12,"column":null}},"9":{"start":{"line":12,"column":34},"end":{"line":12,"column":39}},"10":{"start":{"line":13,"column":2},"end":{"line":15,"column":null}},"11":{"start":{"line":14,"column":4},"end":{"line":14,"column":26}},"12":{"start":{"line":16,"column":2},"end":{"line":18,"column":null}},"13":{"start":{"line":17,"column":4},"end":{"line":17,"column":17}},"14":{"start":{"line":19,"column":0},"end":{"line":19,"column":null}}},"fnMap":{"0":{"name":"(anonymous_7)","decl":{"start":{"line":12,"column":0},"end":{"line":12,"column":34}},"loc":{"start":{"line":12,"column":0},"end":{"line":19,"column":null}}},"1":{"name":"(anonymous_9)","decl":{"start":{"line":13,"column":2},"end":{"line":13,"column":13}},"loc":{"start":{"line":13,"column":2},"end":{"line":15,"column":3}}},"2":{"name":"(anonymous_10)","decl":{"start":{"line":16,"column":2},"end":{"line":16,"column":13}},"loc":{"start":{"line":16,"column":2},"end":{"line":18,"column":3}}}},"branchMap":{"0":{"loc":{"start":{"line":6,"column":20},"end":{"line":6,"column":40}},"type":"binary-expr","locations":[{"start":{"line":6,"column":20},"end":{"line":6,"column":40}},{"start":{"line":6,"column":44},"end":{"line":6,"column":57}}]}},"s":{"0":1,"1":1,"2":1,"3":1,"4":1,"5":1,"6":1,"7":1,"8":1,"9":1,"10":1,"11":34,"12":1,"13":2,"14":1},"f":{"0":7,"1":34,"2":2},"b":{"0":[1,0]}}
,"/home/brian/Desktop/coding_ground/projects/inprogress/ecom/src/services/users_service/service_repository/models/country.model.ts": {"path":"/home/brian/Desktop/coding_ground/projects/inprogress/ecom/src/services/users_service/service_repository/models/country.model.ts","statementMap":{"0":{"start":{"line":1,"column":0},"end":{"line":1,"column":34}},"1":{"start":{"line":2,"column":0},"end":{"line":2,"column":57}},"2":{"start":{"line":4,"column":0},"end":{"line":4,"column":24}},"3":{"start":{"line":5,"column":0},"end":{"line":5,"column":65}},"4":{"start":{"line":7,"column":20},"end":{"line":7,"column":57}},"5":{"start":{"line":8,"column":25},"end":{"line":8,"column":48}},"6":{"start":{"line":10,"column":19},"end":{"line":10,"column":41}},"7":{"start":{"line":12,"column":0},"end":{"line":12,"column":23}},"8":{"start":{"line":13,"column":0},"end":{"line":13,"column":null}},"9":{"start":{"line":13,"column":37},"end":{"line":13,"column":42}},"10":{"start":{"line":14,"column":2},"end":{"line":16,"column":null}},"11":{"start":{"line":15,"column":4},"end":{"line":15,"column":29}},"12":{"start":{"line":17,"column":2},"end":{"line":19,"column":null}},"13":{"start":{"line":18,"column":4},"end":{"line":18,"column":17}},"14":{"start":{"line":20,"column":0},"end":{"line":20,"column":null}}},"fnMap":{"0":{"name":"(anonymous_7)","decl":{"start":{"line":13,"column":0},"end":{"line":13,"column":37}},"loc":{"start":{"line":13,"column":0},"end":{"line":20,"column":null}}},"1":{"name":"(anonymous_9)","decl":{"start":{"line":14,"column":2},"end":{"line":14,"column":13}},"loc":{"start":{"line":14,"column":2},"end":{"line":16,"column":3}}},"2":{"name":"(anonymous_10)","decl":{"start":{"line":17,"column":2},"end":{"line":17,"column":13}},"loc":{"start":{"line":17,"column":2},"end":{"line":19,"column":3}}}},"branchMap":{"0":{"loc":{"start":{"line":7,"column":20},"end":{"line":7,"column":40}},"type":"binary-expr","locations":[{"start":{"line":7,"column":20},"end":{"line":7,"column":40}},{"start":{"line":7,"column":44},"end":{"line":7,"column":57}}]}},"s":{"0":1,"1":1,"2":1,"3":1,"4":1,"5":1,"6":1,"7":1,"8":1,"9":1,"10":1,"11":34,"12":1,"13":2,"14":1},"f":{"0":7,"1":34,"2":2},"b":{"0":[1,0]}}
,"/home/brian/Desktop/coding_ground/projects/inprogress/ecom/src/services/users_service/service_repository/models/user.modal.ts": {"path":"/home/brian/Desktop/coding_ground/projects/inprogress/ecom/src/services/users_service/service_repository/models/user.modal.ts","statementMap":{"0":{"start":{"line":1,"column":0},"end":{"line":1,"column":30}},"1":{"start":{"line":2,"column":0},"end":{"line":2,"column":52}},"2":{"start":{"line":4,"column":0},"end":{"line":4,"column":51}},"3":{"start":{"line":6,"column":0},"end":{"line":6,"column":57}},"4":{"start":{"line":7,"column":0},"end":{"line":7,"column":38}},"5":{"start":{"line":9,"column":15},"end":{"line":9,"column":57}},"6":{"start":{"line":10,"column":17},"end":{"line":10,"column":29}},"7":{"start":{"line":11,"column":0},"end":{"line":11,"column":21}},"8":{"start":{"line":13,"column":0},"end":{"line":13,"column":null}},"9":{"start":{"line":13,"column":34},"end":{"line":13,"column":39}},"10":{"start":{"line":22,"column":2},"end":{"line":24,"column":null}},"11":{"start":{"line":23,"column":4},"end":{"line":23,"column":26}},"12":{"start":{"line":26,"column":2},"end":{"line":28,"column":null}},"13":{"start":{"line":27,"column":4},"end":{"line":27,"column":17}},"14":{"start":{"line":29,"column":9},"end":{"line":38,"column":4}},"15":{"start":{"line":39,"column":0},"end":{"line":39,"column":null}},"16":{"start":{"line":13,"column":21},"end":{"line":13,"column":34}}},"fnMap":{"0":{"name":"(anonymous_7)","decl":{"start":{"line":13,"column":0},"end":{"line":13,"column":21}},"loc":{"start":{"line":13,"column":0},"end":{"line":13,"column":21}}},"1":{"name":"(anonymous_9)","decl":{"start":{"line":22,"column":2},"end":{"line":22,"column":13}},"loc":{"start":{"line":22,"column":2},"end":{"line":24,"column":3}}},"2":{"name":"(anonymous_10)","decl":{"start":{"line":26,"column":2},"end":{"line":26,"column":13}},"loc":{"start":{"line":26,"column":2},"end":{"line":28,"column":3}}}},"branchMap":{"0":{"loc":{"start":{"line":9,"column":19},"end":{"line":9,"column":39}},"type":"binary-expr","locations":[{"start":{"line":9,"column":19},"end":{"line":9,"column":39}},{"start":{"line":9,"column":43},"end":{"line":9,"column":56}}]}},"s":{"0":1,"1":1,"2":1,"3":1,"4":1,"5":1,"6":1,"7":1,"8":1,"9":1,"10":1,"11":40,"12":1,"13":5,"14":1,"15":1,"16":1},"f":{"0":10,"1":40,"2":5},"b":{"0":[1,0]}}
,"/home/brian/Desktop/coding_ground/projects/inprogress/ecom/src/services/users_service/usecase/auth.ts": {"path":"/home/brian/Desktop/coding_ground/projects/inprogress/ecom/src/services/users_service/usecase/auth.ts","statementMap":{"0":{"start":{"line":5,"column":0},"end":{"line":5,"column":null}},"1":{"start":{"line":7,"column":21},"end":{"line":7,"column":61}},"2":{"start":{"line":8,"column":21},"end":{"line":8,"column":53}},"3":{"start":{"line":9,"column":21},"end":{"line":9,"column":29}},"4":{"start":{"line":10,"column":21},"end":{"line":10,"column":32}},"5":{"start":{"line":11,"column":21},"end":{"line":11,"column":34}},"6":{"start":{"line":12,"column":21},"end":{"line":12,"column":36}},"7":{"start":{"line":16,"column":8},"end":{"line":39,"column":null}},"8":{"start":{"line":18,"column":12},"end":{"line":18,"column":22}},"9":{"start":{"line":19,"column":4},"end":{"line":19,"column":66}},"10":{"start":{"line":19,"column":15},"end":{"line":19,"column":66}},"11":{"start":{"line":21,"column":17},"end":{"line":24,"column":null}},"12":{"start":{"line":21,"column":10},"end":{"line":24,"column":null}},"13":{"start":{"line":27,"column":22},"end":{"line":30,"column":null}},"14":{"start":{"line":27,"column":10},"end":{"line":30,"column":null}},"15":{"start":{"line":31,"column":4},"end":{"line":31,"column":79}},"16":{"start":{"line":31,"column":20},"end":{"line":31,"column":79}},"17":{"start":{"line":36,"column":10},"end":{"line":36,"column":79}},"18":{"start":{"line":38,"column":4},"end":{"line":38,"column":41}},"19":{"start":{"line":41,"column":8},"end":{"line":78,"column":null}},"20":{"start":{"line":43,"column":12},"end":{"line":43,"column":22}},"21":{"start":{"line":44,"column":4},"end":{"line":44,"column":66}},"22":{"start":{"line":44,"column":15},"end":{"line":44,"column":66}},"23":{"start":{"line":47,"column":39},"end":{"line":50,"column":null}},"24":{"start":{"line":47,"column":10},"end":{"line":47,"column":39}},"25":{"start":{"line":51,"column":4},"end":{"line":51,"column":61}},"26":{"start":{"line":51,"column":21},"end":{"line":51,"column":61}},"27":{"start":{"line":52,"column":4},"end":{"line":52,"column":67}},"28":{"start":{"line":52,"column":21},"end":{"line":52,"column":67}},"29":{"start":{"line":55,"column":25},"end":{"line":55,"column":null}},"30":{"start":{"line":55,"column":10},"end":{"line":55,"column":null}},"31":{"start":{"line":58,"column":10},"end":{"line":58,"column":42}},"32":{"start":{"line":62,"column":12},"end":{"line":62,"column":62}},"33":{"start":{"line":63,"column":12},"end":{"line":63,"column":64}},"34":{"start":{"line":64,"column":44},"end":{"line":68,"column":null}},"35":{"start":{"line":64,"column":12},"end":{"line":68,"column":null}},"36":{"start":{"line":70,"column":6},"end":{"line":74,"column":8}},"37":{"start":{"line":76,"column":6},"end":{"line":76,"column":76}},"38":{"start":{"line":80,"column":8},"end":{"line":105,"column":null}},"39":{"start":{"line":81,"column":12},"end":{"line":81,"column":22}},"40":{"start":{"line":82,"column":10},"end":{"line":82,"column":43}},"41":{"start":{"line":84,"column":17},"end":{"line":84,"column":null}},"42":{"start":{"line":84,"column":10},"end":{"line":84,"column":null}},"43":{"start":{"line":85,"column":25},"end":{"line":85,"column":null}},"44":{"start":{"line":85,"column":10},"end":{"line":85,"column":null}},"45":{"start":{"line":86,"column":4},"end":{"line":89,"column":7}},"46":{"start":{"line":90,"column":17},"end":{"line":90,"column":null}},"47":{"start":{"line":90,"column":10},"end":{"line":90,"column":null}},"48":{"start":{"line":92,"column":10},"end":{"line":98,"column":10}},"49":{"start":{"line":100,"column":4},"end":{"line":100,"column":77}},"50":{"start":{"line":101,"column":4},"end":{"line":104,"column":6}},"51":{"start":{"line":106,"column":0},"end":{"line":106,"column":null}}},"fnMap":{"0":{"name":"(anonymous_15)","decl":{"start":{"line":5,"column":0},"end":{"line":5,"column":null}},"loc":{"start":{"line":5,"column":0},"end":{"line":106,"column":null}}},"1":{"name":"AuthenticationUsecase","decl":{"start":{"line":6,"column":2},"end":{"line":6,"column":null}},"loc":{"start":{"line":12,"column":36},"end":{"line":13,"column":6}}},"2":{"name":"(anonymous_17)","decl":{"start":{"line":16,"column":2},"end":{"line":16,"column":8}},"loc":{"start":{"line":16,"column":59},"end":{"line":39,"column":null}}},"3":{"name":"(anonymous_20)","decl":{"start":{"line":41,"column":2},"end":{"line":41,"column":8}},"loc":{"start":{"line":41,"column":53},"end":{"line":78,"column":null}}},"4":{"name":"(anonymous_23)","decl":{"start":{"line":80,"column":2},"end":{"line":80,"column":8}},"loc":{"start":{"line":80,"column":60},"end":{"line":105,"column":null}}}},"branchMap":{"0":{"loc":{"start":{"line":19,"column":4},"end":{"line":19,"column":66}},"type":"if","locations":[{"start":{"line":19,"column":4},"end":{"line":19,"column":66}},{"start":{"line":19,"column":4},"end":{"line":19,"column":66}}]},"1":{"loc":{"start":{"line":31,"column":4},"end":{"line":31,"column":79}},"type":"if","locations":[{"start":{"line":31,"column":4},"end":{"line":31,"column":79}},{"start":{"line":31,"column":4},"end":{"line":31,"column":79}}]},"2":{"loc":{"start":{"line":44,"column":4},"end":{"line":44,"column":66}},"type":"if","locations":[{"start":{"line":44,"column":4},"end":{"line":44,"column":66}},{"start":{"line":44,"column":4},"end":{"line":44,"column":66}}]},"3":{"loc":{"start":{"line":51,"column":4},"end":{"line":51,"column":61}},"type":"if","locations":[{"start":{"line":51,"column":4},"end":{"line":51,"column":61}},{"start":{"line":51,"column":4},"end":{"line":51,"column":61}}]},"4":{"loc":{"start":{"line":52,"column":4},"end":{"line":52,"column":67}},"type":"if","locations":[{"start":{"line":52,"column":4},"end":{"line":52,"column":67}},{"start":{"line":52,"column":4},"end":{"line":52,"column":67}}]}},"s":{"0":1,"1":1,"2":1,"3":1,"4":1,"5":1,"6":1,"7":1,"8":3,"9":3,"10":1,"11":2,"12":2,"13":2,"14":2,"15":2,"16":1,"17":1,"18":1,"19":1,"20":4,"21":4,"22":1,"23":3,"24":3,"25":3,"26":1,"27":2,"28":0,"29":2,"30":2,"31":2,"32":2,"33":2,"34":2,"35":1,"36":1,"37":1,"38":1,"39":1,"40":1,"41":1,"42":1,"43":1,"44":1,"45":2,"46":1,"47":1,"48":1,"49":2,"50":1,"51":1},"f":{"0":1,"1":1,"2":3,"3":4,"4":1},"b":{"0":[1,2],"1":[1,1],"2":[1,3],"3":[1,2],"4":[0,2]}}
,"/home/brian/Desktop/coding_ground/projects/inprogress/ecom/src/services/users_service/usecase/profile_usecase.ts": {"path":"/home/brian/Desktop/coding_ground/projects/inprogress/ecom/src/services/users_service/usecase/profile_usecase.ts","statementMap":{"0":{"start":{"line":1,"column":0},"end":{"line":1,"column":null}},"1":{"start":{"line":2,"column":31},"end":{"line":2,"column":71}},"2":{"start":{"line":5,"column":8},"end":{"line":17,"column":null}},"3":{"start":{"line":5,"column":32},"end":{"line":5,"column":34}},"4":{"start":{"line":5,"column":41},"end":{"line":5,"column":71}},"5":{"start":{"line":8,"column":33},"end":{"line":11,"column":null}},"6":{"start":{"line":7,"column":6},"end":{"line":7,"column":null}},"7":{"start":{"line":13,"column":4},"end":{"line":16,"column":6}},"8":{"start":{"line":19,"column":8},"end":{"line":39,"column":null}},"9":{"start":{"line":20,"column":44},"end":{"line":22,"column":null}},"10":{"start":{"line":20,"column":10},"end":{"line":22,"column":null}},"11":{"start":{"line":24,"column":6},"end":{"line":29,"column":null}},"12":{"start":{"line":31,"column":4},"end":{"line":38,"column":6}},"13":{"start":{"line":40,"column":0},"end":{"line":40,"column":null}}},"fnMap":{"0":{"name":"(anonymous_13)","decl":{"start":{"line":1,"column":0},"end":{"line":1,"column":null}},"loc":{"start":{"line":1,"column":0},"end":{"line":40,"column":null}}},"1":{"name":"ProfileUsecase","decl":{"start":{"line":2,"column":2},"end":{"line":2,"column":31}},"loc":{"start":{"line":2,"column":71},"end":{"line":2,"column":75}}},"2":{"name":"(anonymous_15)","decl":{"start":{"line":5,"column":2},"end":{"line":5,"column":8}},"loc":{"start":{"line":5,"column":71},"end":{"line":17,"column":null}}},"3":{"name":"(anonymous_18)","decl":{"start":{"line":19,"column":2},"end":{"line":19,"column":8}},"loc":{"start":{"line":19,"column":31},"end":{"line":39,"column":null}}}},"branchMap":{"0":{"loc":{"start":{"line":8,"column":33},"end":{"line":11,"column":null}},"type":"switch","locations":[{"start":{"line":8,"column":33},"end":{"line":11,"column":null}}]},"1":{"loc":{"start":{"line":20,"column":44},"end":{"line":22,"column":null}},"type":"switch","locations":[{"start":{"line":20,"column":44},"end":{"line":22,"column":null}}]}},"s":{"0":1,"1":1,"2":1,"3":1,"4":1,"5":1,"6":1,"7":1,"8":1,"9":1,"10":1,"11":1,"12":1,"13":1},"f":{"0":1,"1":1,"2":1,"3":1},"b":{"0":[1],"1":[1]}}
}
