TN:
SF:src/services/products_service/usecases/add_product.ts
FN:4,(anonymous_13)
FN:5,AddProductUsecase
FN:6,(anonymous_15)
FNF:3
FNH:3
FNDA:1,(anonymous_13)
FNDA:1,AddProductUsecase
FNDA:2,(anonymous_15)
DA:4,1
DA:5,1
DA:6,1
DA:7,2
DA:9,3
DA:10,1
DA:11,1
DA:13,1
DA:14,1
DA:18,1
DA:20,1
LF:11
LH:11
BRDA:7,0,0,2
BRDA:9,1,0,1
BRDA:9,1,1,1
BRF:3
BRH:3
end_of_record
TN:
SF:src/services/products_service/usecases/delete_product_usecase.ts
FN:4,(anonymous_13)
FN:5,DeleteProductInfo
FN:7,(anonymous_15)
FNF:3
FNH:3
FNDA:1,(anonymous_13)
FNDA:1,DeleteProductInfo
FNDA:1,(anonymous_15)
DA:4,1
DA:5,1
DA:7,1
DA:13,1
DA:14,1
DA:16,1
LF:6
LH:6
BRDA:13,0,0,1
BRF:1
BRH:1
end_of_record
TN:
SF:src/services/products_service/usecases/fetch_product_usecase.ts
FN:4,(anonymous_13)
FN:5,FetchProductUsecase
FN:7,(anonymous_15)
FN:26,(anonymous_18)
FNF:4
FNH:4
FNDA:1,(anonymous_13)
FNDA:1,FetchProductUsecase
FNDA:3,(anonymous_15)
FNDA:1,(anonymous_18)
DA:4,1
DA:5,1
DA:7,1
DA:11,3
DA:14,3
DA:15,1
DA:18,3
DA:19,1
DA:20,1
DA:22,1
DA:23,1
DA:26,1
DA:27,1
DA:28,1
DA:31,1
LF:15
LH:15
BRDA:22,0,0,1
BRDA:14,1,0,1
BRDA:14,1,1,2
BRDA:14,2,0,3
BRDA:14,2,1,2
BRDA:18,3,0,1
BRDA:18,3,1,1
BRDA:27,4,0,1
BRF:8
BRH:8
end_of_record
TN:
SF:src/services/products_service/usecases/update_product_info.ts
FN:3,(anonymous_13)
FN:4,UpdateProductInfo
FN:6,(anonymous_15)
FNF:3
FNH:3
FNDA:1,(anonymous_13)
FNDA:1,UpdateProductInfo
FNDA:1,(anonymous_15)
DA:3,1
DA:4,1
DA:6,1
DA:15,1
DA:16,1
DA:17,1
DA:18,1
DA:20,1
DA:21,4
DA:22,4
DA:23,4
DA:24,4
DA:26,1
DA:31,1
DA:33,1
LF:15
LH:15
BRF:0
BRH:0
end_of_record
TN:
SF:src/services/users_service/usecase/auth.ts
FN:6,(anonymous_15)
FN:7,AuthenticationUsecase
FN:17,(anonymous_17)
FN:42,(anonymous_20)
FN:81,(anonymous_23)
FNF:5
FNH:5
FNDA:1,(anonymous_15)
FNDA:1,AuthenticationUsecase
FNDA:3,(anonymous_17)
FNDA:4,(anonymous_20)
FNDA:1,(anonymous_23)
DA:6,1
DA:8,1
DA:9,1
DA:10,1
DA:11,1
DA:12,1
DA:13,1
DA:17,1
DA:19,3
DA:20,3
DA:22,2
DA:28,2
DA:32,2
DA:37,1
DA:39,1
DA:42,1
DA:44,4
DA:45,4
DA:48,3
DA:52,3
DA:53,2
DA:56,2
DA:59,2
DA:63,2
DA:64,2
DA:65,2
DA:71,1
DA:77,1
DA:81,1
DA:82,1
DA:83,1
DA:85,1
DA:86,1
DA:87,2
DA:91,1
DA:93,1
DA:101,2
DA:102,1
DA:107,1
LF:39
LH:39
BRDA:20,0,0,1
BRDA:20,0,1,2
BRDA:32,1,0,1
BRDA:32,1,1,1
BRDA:45,2,0,1
BRDA:45,2,1,3
BRDA:52,3,0,1
BRDA:52,3,1,2
BRDA:53,4,0,0
BRDA:53,4,1,2
BRF:10
BRH:9
end_of_record
TN:
SF:src/services/users_service/usecase/profile_usecase.ts
FN:9,(anonymous_13)
FN:10,ProfileUsecase
FN:13,(anonymous_15)
FN:25,(anonymous_18)
FNF:4
FNH:4
FNDA:1,(anonymous_13)
FNDA:1,ProfileUsecase
FNDA:1,(anonymous_15)
FNDA:1,(anonymous_18)
DA:9,1
DA:10,1
DA:13,1
DA:14,1
DA:19,1
DA:25,1
DA:26,1
DA:27,1
DA:28,1
DA:30,1
LF:10
LH:10
BRDA:14,0,0,1
BRDA:26,1,0,1
BRF:2
BRH:2
end_of_record
