TN:
SF:src/constants/config.ts
FNF:0
FNH:0
DA:1,2
DA:2,2
LF:2
LH:2
BRF:0
BRH:0
end_of_record
TN:
SF:src/constants/tableNames.ts
FNF:0
FNH:0
DA:1,2
DA:18,2
LF:2
LH:2
BRF:0
BRH:0
end_of_record
TN:
SF:src/services/orders_service/usecase/create_order.ts
FN:2,(anonymous_15)
FN:3,CreateOrderUsecase
FN:5,(anonymous_17)
FN:29,(anonymous_20)
FNF:4
FNH:4
FNDA:1,(anonymous_15)
FNDA:1,CreateOrderUsecase
FNDA:4,(anonymous_17)
FNDA:3,(anonymous_20)
DA:2,1
DA:3,1
DA:5,1
DA:6,4
DA:9,5
DA:10,3
DA:11,3
DA:14,6
DA:16,3
DA:21,3
DA:25,3
DA:29,1
DA:40,3
DA:42,3
DA:43,3
DA:44,6
DA:45,6
DA:46,6
DA:47,6
DA:49,3
DA:51,1
LF:21
LH:21
BRDA:6,0,0,4
BRDA:9,1,0,1
BRDA:9,1,1,3
BRF:3
BRH:3
end_of_record
TN:
SF:src/services/orders_service/usecase/fetch_orders.ts
FN:1,(anonymous_13)
FN:2,FetchOrdersUsecase
FN:3,(anonymous_15)
FNF:3
FNH:3
FNDA:1,(anonymous_13)
FNDA:1,FetchOrdersUsecase
FNDA:1,(anonymous_15)
DA:1,1
DA:2,1
DA:3,1
DA:4,1
DA:5,1
DA:7,1
LF:6
LH:6
BRDA:4,0,0,1
BRF:1
BRH:1
end_of_record
TN:
SF:src/services/products_service/Repository/productsRepository.ts
FN:5,(anonymous_16)
FN:6,(anonymous_18)
FN:34,(anonymous_21)
FN:38,(anonymous_24)
FN:51,(anonymous_25)
FN:59,(anonymous_28)
FN:72,(anonymous_29)
FN:133,(anonymous_32)
FN:157,(anonymous_35)
FNF:9
FNH:9
FNDA:2,(anonymous_16)
FNDA:1,(anonymous_18)
FNDA:1,(anonymous_21)
FNDA:3,(anonymous_24)
FNDA:1,(anonymous_25)
FNDA:2,(anonymous_28)
FNDA:1,(anonymous_29)
FNDA:1,(anonymous_32)
FNDA:1,(anonymous_35)
DA:1,1
DA:2,1
DA:3,1
DA:5,1
DA:6,1
DA:9,1
DA:14,1
DA:34,1
DA:35,1
DA:38,1
DA:39,3
DA:49,1
DA:51,1
DA:54,1
DA:59,1
DA:60,2
DA:70,1
DA:72,1
DA:76,1
DA:87,1
DA:102,1
DA:113,1
DA:133,1
DA:137,1
DA:138,1
DA:147,1
DA:157,1
DA:163,1
DA:168,1
DA:169,1
DA:170,1
DA:171,1
DA:174,1
DA:187,1
LF:34
LH:34
BRDA:9,0,0,1
BRDA:35,1,0,1
BRDA:54,2,0,1
BRDA:163,3,0,1
BRDA:184,4,0,1
BRDA:184,4,1,0
BRF:6
BRH:5
end_of_record
TN:
SF:src/services/products_service/usecases/add_product.ts
FN:2,(anonymous_15)
FN:3,AddProductUsecase
FN:4,(anonymous_17)
FNF:3
FNH:3
FNDA:1,(anonymous_15)
FNDA:1,AddProductUsecase
FNDA:2,(anonymous_17)
DA:2,1
DA:3,1
DA:4,1
DA:5,2
DA:7,3
DA:8,1
DA:9,1
DA:11,1
DA:12,1
DA:16,1
DA:18,1
LF:11
LH:11
BRDA:5,0,0,2
BRDA:7,1,0,1
BRDA:7,1,1,1
BRF:3
BRH:3
end_of_record
TN:
SF:src/services/products_service/usecases/delete_product_usecase.ts
FN:1,(anonymous_13)
FN:2,DeleteProductInfo
FN:6,(anonymous_15)
FNF:3
FNH:3
FNDA:1,(anonymous_13)
FNDA:1,DeleteProductInfo
FNDA:1,(anonymous_15)
DA:1,1
DA:3,1
DA:6,1
DA:12,1
DA:13,1
DA:15,1
LF:6
LH:6
BRDA:12,0,0,1
BRF:1
BRH:1
end_of_record
TN:
SF:src/services/products_service/usecases/fetch_product_usecase.ts
FN:2,(anonymous_13)
FN:3,FetchProductUsecase
FN:5,(anonymous_15)
FN:24,(anonymous_18)
FN:29,(anonymous_21)
FNF:5
FNH:5
FNDA:1,(anonymous_13)
FNDA:1,FetchProductUsecase
FNDA:3,(anonymous_15)
FNDA:1,(anonymous_18)
FNDA:1,(anonymous_21)
DA:2,1
DA:3,1
DA:5,1
DA:9,3
DA:12,3
DA:13,1
DA:16,3
DA:17,1
DA:18,1
DA:20,1
DA:21,1
DA:24,1
DA:25,1
DA:26,1
DA:29,1
DA:30,1
DA:33,1
DA:35,1
LF:18
LH:18
BRDA:20,0,0,1
BRDA:12,1,0,1
BRDA:12,1,1,2
BRDA:12,2,0,3
BRDA:12,2,1,2
BRDA:16,3,0,1
BRDA:16,3,1,1
BRDA:25,4,0,1
BRDA:30,5,0,1
BRF:9
BRH:9
end_of_record
TN:
SF:src/services/products_service/usecases/update_product_info.ts
FN:2,(anonymous_13)
FN:3,UpdateProductInfo
FN:5,(anonymous_15)
FNF:3
FNH:3
FNDA:1,(anonymous_13)
FNDA:1,UpdateProductInfo
FNDA:1,(anonymous_15)
DA:2,1
DA:3,1
DA:5,1
DA:9,1
DA:11,1
DA:16,1
DA:18,1
LF:7
LH:7
BRF:0
BRH:0
end_of_record
TN:
SF:src/services/users_service/service_repository/index.ts
FN:5,(anonymous_16)
FN:7,(anonymous_18)
FN:50,(anonymous_19)
FN:76,(anonymous_20)
FN:94,(anonymous_23)
FN:118,(anonymous_26)
FN:142,(anonymous_29)
FNF:7
FNH:7
FNDA:2,(anonymous_16)
FNDA:3,(anonymous_18)
FNDA:1,(anonymous_19)
FNDA:1,(anonymous_20)
FNDA:1,(anonymous_23)
FNDA:1,(anonymous_26)
FNDA:1,(anonymous_29)
DA:1,1
DA:2,1
DA:3,1
DA:5,1
DA:7,1
DA:11,6
DA:12,18
DA:19,15
DA:20,3
DA:34,3
DA:47,3
DA:50,1
DA:51,6
DA:58,5
DA:59,1
DA:74,1
DA:76,1
DA:79,1
DA:88,1
DA:89,1
DA:94,1
DA:97,1
DA:98,1
DA:116,1
DA:118,1
DA:122,1
DA:123,1
DA:124,2
DA:127,1
DA:136,1
DA:142,1
DA:145,1
DA:146,1
DA:164,1
DA:166,1
LF:35
LH:35
BRDA:21,0,0,1
BRDA:21,0,1,2
BRDA:47,1,0,2
BRDA:47,1,1,1
BRDA:79,2,0,1
BRF:5
BRH:5
end_of_record
TN:
SF:src/services/users_service/usecase/addVendor.ts
FN:1,(anonymous_0)
FN:2,AddVendorUsecase
FN:4,(anonymous_2)
FNF:3
FNH:3
FNDA:1,(anonymous_0)
FNDA:1,AddVendorUsecase
FNDA:1,(anonymous_2)
DA:1,1
DA:2,1
DA:4,1
DA:5,1
DA:7,1
LF:5
LH:5
BRF:0
BRH:0
end_of_record
TN:
SF:src/services/users_service/usecase/auth.ts
FN:4,(anonymous_15)
FN:5,AuthenticationUsecase
FN:15,(anonymous_17)
FN:40,(anonymous_20)
FN:79,(anonymous_23)
FNF:5
FNH:5
FNDA:1,(anonymous_15)
FNDA:1,AuthenticationUsecase
FNDA:3,(anonymous_17)
FNDA:4,(anonymous_20)
FNDA:1,(anonymous_23)
DA:4,1
DA:6,1
DA:7,1
DA:8,1
DA:9,1
DA:10,1
DA:11,1
DA:15,1
DA:17,3
DA:18,3
DA:20,2
DA:26,2
DA:30,2
DA:35,1
DA:37,1
DA:40,1
DA:42,4
DA:43,4
DA:46,3
DA:50,3
DA:51,2
DA:54,2
DA:57,2
DA:61,2
DA:62,2
DA:63,2
DA:69,1
DA:75,1
DA:79,1
DA:80,1
DA:81,1
DA:83,1
DA:84,1
DA:85,2
DA:89,1
DA:91,1
DA:99,2
DA:100,1
DA:105,1
LF:39
LH:39
BRDA:18,0,0,1
BRDA:18,0,1,2
BRDA:30,1,0,1
BRDA:30,1,1,1
BRDA:43,2,0,1
BRDA:43,2,1,3
BRDA:50,3,0,1
BRDA:50,3,1,2
BRDA:51,4,0,0
BRDA:51,4,1,2
BRF:10
BRH:9
end_of_record
TN:
SF:src/services/users_service/usecase/profile_usecase.ts
FN:1,(anonymous_13)
FN:2,ProfileUsecase
FN:5,(anonymous_15)
FN:19,(anonymous_18)
FNF:4
FNH:4
FNDA:1,(anonymous_13)
FNDA:1,ProfileUsecase
FNDA:1,(anonymous_15)
FNDA:1,(anonymous_18)
DA:1,1
DA:2,1
DA:5,1
DA:7,1
DA:8,1
DA:13,1
DA:19,1
DA:20,1
DA:24,1
DA:31,1
DA:40,1
LF:11
LH:11
BRDA:8,0,0,1
BRDA:20,1,0,1
BRF:2
BRH:2
end_of_record
